***********************day2023_01_10************************
(5345, 2048) (5345, 1)
data's shape is:  (5345, 2049)
Confusion matrix, without normalization
----------------------------------------------------------------------------------------------------
      modelName             ACC       Precision          Recall        f1_score           Kappa
  MultinomialNB          0.9149          0.3368          0.5333          0.4129          0.3695
----------------------------------------------------------------------------------------------------
Confusion matrix, without normalization
----------------------------------------------------------------------------------------------------
      modelName             ACC       Precision          Recall        f1_score           Kappa
     KNeighbors          0.9523          0.7647          0.2167          0.3377          0.3208
----------------------------------------------------------------------------------------------------
Confusion matrix, without normalization
----------------------------------------------------------------------------------------------------
      modelName             ACC       Precision          Recall        f1_score           Kappa
       Logistic          0.9495          0.6154          0.2667          0.3721          0.3500
----------------------------------------------------------------------------------------------------
Confusion matrix, without normalization
----------------------------------------------------------------------------------------------------
      modelName             ACC       Precision          Recall        f1_score           Kappa
  MultinomialNB          0.9495          0.6364          0.2333          0.3415          0.3210
----------------------------------------------------------------------------------------------------
Confusion matrix, without normalization
----------------------------------------------------------------------------------------------------
      modelName             ACC       Precision          Recall        f1_score           Kappa
       Logistic          0.9317          0.3725          0.3167          0.3423          0.3066
----------------------------------------------------------------------------------------------------
Confusion matrix, without normalization
----------------------------------------------------------------------------------------------------
      modelName             ACC       Precision          Recall        f1_score           Kappa
   RandomForest          0.9514          0.6818          0.2500          0.3659          0.3462
----------------------------------------------------------------------------------------------------
Confusion matrix, without normalization
----------------------------------------------------------------------------------------------------
      modelName             ACC       Precision          Recall        f1_score           Kappa
            SVC          0.9532          0.7778          0.2333          0.3590          0.3419
----------------------------------------------------------------------------------------------------
***********************day2023_01_10************************
(5345, 2048) (5345, 1)
data's shape is:  (5345, 2049)
***********************day2023_01_10************************
(5345, 2048) (5345, 1)
data's shape is:  (5345, 2049)
              precision    recall  f1-score   support

non-activate    0.97556   0.94664   0.96088      1012
    activate    0.37931   0.57895   0.45833        57

    accuracy                        0.92703      1069
   macro avg    0.67744   0.76279   0.70961      1069
weighted avg    0.94377   0.92703   0.93409      1069

Confusion matrix, without normalization
----------------------------------------------------------------------------------------------------
      modelName             ACC       Precision          Recall        f1_score           Kappa
  MultinomialNB          0.9270          0.3793          0.5789          0.4583          0.4210
----------------------------------------------------------------------------------------------------
              precision    recall  f1-score   support

non-activate    0.96364   0.99506   0.97910      1012
    activate    0.79167   0.33333   0.46914        57

    accuracy                        0.95978      1069
   macro avg    0.87765   0.66420   0.72412      1069
weighted avg    0.95447   0.95978   0.95190      1069

Confusion matrix, without normalization
----------------------------------------------------------------------------------------------------
      modelName             ACC       Precision          Recall        f1_score           Kappa
     KNeighbors          0.9598          0.7917          0.3333          0.4691          0.4518
----------------------------------------------------------------------------------------------------
              precision    recall  f1-score   support

non-activate    0.96422   0.98518   0.97458      1012
    activate    0.57143   0.35088   0.43478        57

    accuracy                        0.95136      1069
   macro avg    0.76782   0.66803   0.70468      1069
weighted avg    0.94327   0.95136   0.94580      1069

Confusion matrix, without normalization
----------------------------------------------------------------------------------------------------
      modelName             ACC       Precision          Recall        f1_score           Kappa
       Logistic          0.9514          0.5714          0.3509          0.4348          0.4109
----------------------------------------------------------------------------------------------------
              precision    recall  f1-score   support

non-activate    0.95901   0.99407   0.97623      1012
    activate    0.70000   0.24561   0.36364        57

    accuracy                        0.95416      1069
   macro avg    0.82950   0.61984   0.66993      1069
weighted avg    0.94520   0.95416   0.94356      1069

Confusion matrix, without normalization
----------------------------------------------------------------------------------------------------
      modelName             ACC       Precision          Recall        f1_score           Kappa
  MultinomialNB          0.9542          0.7000          0.2456          0.3636          0.3455
----------------------------------------------------------------------------------------------------
              precision    recall  f1-score   support

non-activate    0.96457   0.96838   0.96647      1012
    activate    0.39623   0.36842   0.38182        57

    accuracy                        0.93639      1069
   macro avg    0.68040   0.66840   0.67414      1069
weighted avg    0.93426   0.93639   0.93530      1069

Confusion matrix, without normalization
----------------------------------------------------------------------------------------------------
      modelName             ACC       Precision          Recall        f1_score           Kappa
       Logistic          0.9364          0.3962          0.3684          0.3818          0.3483
----------------------------------------------------------------------------------------------------
              precision    recall  f1-score   support

non-activate    0.96165   0.99111   0.97616      1012
    activate    0.65385   0.29825   0.40964        57

    accuracy                        0.95416      1069
   macro avg    0.80775   0.64468   0.69290      1069
weighted avg    0.94524   0.95416   0.94595      1069

Confusion matrix, without normalization
----------------------------------------------------------------------------------------------------
      modelName             ACC       Precision          Recall        f1_score           Kappa
   RandomForest          0.9542          0.6538          0.2982          0.4096          0.3892
----------------------------------------------------------------------------------------------------
              precision    recall  f1-score   support

non-activate    0.95992   0.99407   0.97670      1012
    activate    0.71429   0.26316   0.38462        57

    accuracy                        0.95510      1069
   macro avg    0.83710   0.62861   0.68066      1069
weighted avg    0.94683   0.95510   0.94513      1069

Confusion matrix, without normalization
----------------------------------------------------------------------------------------------------
      modelName             ACC       Precision          Recall        f1_score           Kappa
            SVC          0.9551          0.7143          0.2632          0.3846          0.3664
----------------------------------------------------------------------------------------------------
