***********************day2023_01_20************************
(676, 2048) (676, 1)
data's shape is:  (676, 2049)
              precision    recall  f1-score   support

non-activate    0.78409   0.79310   0.78857        87
    activate    0.62500   0.61224   0.61856        49

    accuracy                        0.72794       136
   macro avg    0.70455   0.70267   0.70356       136
weighted avg    0.72677   0.72794   0.72732       136

Confusion matrix, without normalization
----------------------------------------------------------------------------------------------------
      modelName             ACC       Precision          Recall        f1_score           Kappa
  MultinomialNB          0.7279          0.6250          0.6122          0.6186          0.4072
----------------------------------------------------------------------------------------------------
              precision    recall  f1-score   support

non-activate    0.66935   0.95402   0.78673        87
    activate    0.66667   0.16327   0.26230        49

    accuracy                        0.66912       136
   macro avg    0.66801   0.55864   0.52451       136
weighted avg    0.66839   0.66912   0.59778       136

Confusion matrix, without normalization
----------------------------------------------------------------------------------------------------
      modelName             ACC       Precision          Recall        f1_score           Kappa
     KNeighbors          0.6691          0.6667          0.1633          0.2623          0.1404
----------------------------------------------------------------------------------------------------
              precision    recall  f1-score   support

non-activate    0.77419   0.82759   0.80000        87
    activate    0.65116   0.57143   0.60870        49

    accuracy                        0.73529       136
   macro avg    0.71268   0.69951   0.70435       136
weighted avg    0.72987   0.73529   0.73107       136

Confusion matrix, without normalization
----------------------------------------------------------------------------------------------------
      modelName             ACC       Precision          Recall        f1_score           Kappa
       Logistic          0.7353          0.6512          0.5714          0.6087          0.4100
----------------------------------------------------------------------------------------------------
              precision    recall  f1-score   support

non-activate    0.75758   0.86207   0.80645        87
    activate    0.67568   0.51020   0.58140        49

    accuracy                        0.73529       136
   macro avg    0.71663   0.68614   0.69392       136
weighted avg    0.72807   0.73529   0.72537       136

Confusion matrix, without normalization
----------------------------------------------------------------------------------------------------
      modelName             ACC       Precision          Recall        f1_score           Kappa
  MultinomialNB          0.7353          0.6757          0.5102          0.5814          0.3933
----------------------------------------------------------------------------------------------------
              precision    recall  f1-score   support

non-activate    0.76667   0.79310   0.77966        87
    activate    0.60870   0.57143   0.58947        49

    accuracy                        0.71324       136
   macro avg    0.68768   0.68227   0.68457       136
weighted avg    0.70975   0.71324   0.71114       136

Confusion matrix, without normalization
----------------------------------------------------------------------------------------------------
      modelName             ACC       Precision          Recall        f1_score           Kappa
       Logistic          0.7132          0.6087          0.5714          0.5895          0.3695
----------------------------------------------------------------------------------------------------
              precision    recall  f1-score   support

non-activate    0.75510   0.85057   0.80000        87
    activate    0.65789   0.51020   0.57471        49

    accuracy                        0.72794       136
   macro avg    0.70650   0.68039   0.68736       136
weighted avg    0.72008   0.72794   0.71883       136

Confusion matrix, without normalization
----------------------------------------------------------------------------------------------------
      modelName             ACC       Precision          Recall        f1_score           Kappa
   RandomForest          0.7279          0.6579          0.5102          0.5747          0.3794
----------------------------------------------------------------------------------------------------
              precision    recall  f1-score   support

non-activate    0.76415   0.93103   0.83938        87
    activate    0.80000   0.48980   0.60759        49

    accuracy                        0.77206       136
   macro avg    0.78208   0.71042   0.72349       136
weighted avg    0.77707   0.77206   0.75587       136

Confusion matrix, without normalization
----------------------------------------------------------------------------------------------------
      modelName             ACC       Precision          Recall        f1_score           Kappa
            SVC          0.7721          0.8000          0.4898          0.6076          0.4598
----------------------------------------------------------------------------------------------------
