nohup: ignoring input
start
target_file= ./dataset/data5_1-2.csv
(676, 2)
676 loaded!
Epoch  0, train_loss: 90.2024, train_acc: 0.5709, train_prec:0.2066, train_recall: 0.3500, train_f1: 0.2205, train_auc: 0.0000
Epoch  0, val_loss: 11.2648, val_acc: 0.6429, val_prec:0.0000, val_recall: 0.0000, val_f1: 0.0000, val_auc: 0.0000
Epoch  1, train_loss: 22.2847, train_acc: 0.5545, train_prec:0.2420, train_recall: 0.3367, train_f1: 0.2289, train_auc: 0.0000
Epoch  1, val_loss: 37.5152, val_acc: 0.4000, val_prec:0.3709, val_recall: 0.9881, val_f1: 0.5152, val_auc: 0.0000
Epoch  2, train_loss: 31.7606, train_acc: 0.5618, train_prec:0.2798, train_recall: 0.3552, train_f1: 0.2691, train_auc: 0.0000
Epoch  2, val_loss: 7.3339, val_acc: 0.5714, val_prec:0.1845, val_recall: 0.1037, val_f1: 0.1164, val_auc: 0.0000
Epoch  3, train_loss: 13.9824, train_acc: 0.5945, train_prec:0.2679, train_recall: 0.4109, train_f1: 0.2903, train_auc: 0.0000
Epoch  3, val_loss: 9.1567, val_acc: 0.5857, val_prec:0.4345, val_recall: 0.5003, val_f1: 0.4230, val_auc: 0.0000
Epoch  4, train_loss: 51.3881, train_acc: 0.4873, train_prec:0.3081, train_recall: 0.5364, train_f1: 0.3260, train_auc: 0.0000
Epoch  4, val_loss: 13.6556, val_acc: 0.6214, val_prec:0.3274, val_recall: 0.1435, val_f1: 0.1740, val_auc: 0.0000
Epoch  5, train_loss: 8.9373, train_acc: 0.5582, train_prec:0.3553, train_recall: 0.4070, train_f1: 0.3275, train_auc: 0.0000
Epoch  5, val_loss: 2.7126, val_acc: 0.6500, val_prec:0.4889, val_recall: 0.4961, val_f1: 0.4580, val_auc: 0.0000
Epoch  6, train_loss: 5.7258, train_acc: 0.6036, train_prec:0.3909, train_recall: 0.4156, train_f1: 0.3496, train_auc: 0.0000
Epoch  6, val_loss: 2.1718, val_acc: 0.7071, val_prec:0.6071, val_recall: 0.3306, val_f1: 0.4095, val_auc: 0.0000
Epoch  7, train_loss: 3.5732, train_acc: 0.6018, train_prec:0.4654, train_recall: 0.3861, train_f1: 0.3506, train_auc: 0.0000
Epoch  7, val_loss: 1.6446, val_acc: 0.7500, val_prec:0.7500, val_recall: 0.3866, val_f1: 0.4908, val_auc: 0.0000
Epoch  8, train_loss: 4.8461, train_acc: 0.5982, train_prec:0.4129, train_recall: 0.3721, train_f1: 0.3341, train_auc: 0.0000
Epoch  8, val_loss: 4.4839, val_acc: 0.5571, val_prec:0.4619, val_recall: 0.7170, val_f1: 0.5313, val_auc: 0.0000
Epoch  9, train_loss: 7.8398, train_acc: 0.5836, train_prec:0.2915, train_recall: 0.3290, train_f1: 0.2693, train_auc: 0.0000
Epoch  9, val_loss: 1.6972, val_acc: 0.5643, val_prec:0.4366, val_recall: 0.5718, val_f1: 0.4626, val_auc: 0.0000
Epoch 10, train_loss: 4.2957, train_acc: 0.5782, train_prec:0.3175, train_recall: 0.3156, train_f1: 0.2711, train_auc: 0.0000
Epoch 10, val_loss: 3.1066, val_acc: 0.6500, val_prec:0.5536, val_recall: 0.3818, val_f1: 0.4146, val_auc: 0.0000
Epoch 11, train_loss: 8.2977, train_acc: 0.6200, train_prec:0.4027, train_recall: 0.4258, train_f1: 0.3604, train_auc: 0.0000
Epoch 11, val_loss: 4.0563, val_acc: 0.6143, val_prec:0.4750, val_recall: 0.4896, val_f1: 0.4603, val_auc: 0.0000
Epoch 12, train_loss: 13.5391, train_acc: 0.5582, train_prec:0.3843, train_recall: 0.5562, train_f1: 0.3982, train_auc: 0.0000
Epoch 12, val_loss: 6.7074, val_acc: 0.4357, val_prec:0.3759, val_recall: 0.9379, val_f1: 0.5146, val_auc: 0.0000
Epoch 13, train_loss: 10.1627, train_acc: 0.5600, train_prec:0.2667, train_recall: 0.3976, train_f1: 0.2902, train_auc: 0.0000
Epoch 13, val_loss: 3.1605, val_acc: 0.5071, val_prec:0.4187, val_recall: 0.8063, val_f1: 0.5202, val_auc: 0.0000
Epoch 14, train_loss: 9.7988, train_acc: 0.6036, train_prec:0.3051, train_recall: 0.4061, train_f1: 0.3117, train_auc: 0.0000
Epoch 14, val_loss: 1.1907, val_acc: 0.7000, val_prec:0.5179, val_recall: 0.2514, val_f1: 0.3210, val_auc: 0.0000
Epoch 15, train_loss: 13.2281, train_acc: 0.6164, train_prec:0.1956, train_recall: 0.2426, train_f1: 0.1873, train_auc: 0.0000
Epoch 15, val_loss: 4.5860, val_acc: 0.4500, val_prec:0.3804, val_recall: 0.8088, val_f1: 0.4934, val_auc: 0.0000
Epoch 16, train_loss: 5.6018, train_acc: 0.6055, train_prec:0.2864, train_recall: 0.4030, train_f1: 0.3057, train_auc: 0.0000
Epoch 16, val_loss: 8.2796, val_acc: 0.4143, val_prec:0.3712, val_recall: 0.9577, val_f1: 0.5121, val_auc: 0.0000
Epoch 17, train_loss: 16.4294, train_acc: 0.5564, train_prec:0.2139, train_recall: 0.3312, train_f1: 0.2243, train_auc: 0.0000
Epoch 17, val_loss: 1.9974, val_acc: 0.6714, val_prec:0.2857, val_recall: 0.1412, val_f1: 0.1726, val_auc: 0.0000
Epoch 18, train_loss: 18.2952, train_acc: 0.5655, train_prec:0.2381, train_recall: 0.4083, train_f1: 0.2621, train_auc: 0.0000
Epoch 18, val_loss: 5.8923, val_acc: 0.6357, val_prec:0.0000, val_recall: 0.0000, val_f1: 0.0000, val_auc: 0.0000
Epoch 19, train_loss: 6.3625, train_acc: 0.5636, train_prec:0.2497, train_recall: 0.4455, train_f1: 0.2866, train_auc: 0.0000
Epoch 19, val_loss: 2.2457, val_acc: 0.6786, val_prec:0.5440, val_recall: 0.5218, val_f1: 0.5037, val_auc: 0.0000
Epoch 20, train_loss: 4.3614, train_acc: 0.5491, train_prec:0.3373, train_recall: 0.4053, train_f1: 0.3030, train_auc: 0.0000
Epoch 20, val_loss: 1.3077, val_acc: 0.7000, val_prec:0.5310, val_recall: 0.3776, val_f1: 0.4163, val_auc: 0.0000
Epoch 21, train_loss: 3.1697, train_acc: 0.5618, train_prec:0.3827, train_recall: 0.4246, train_f1: 0.3405, train_auc: 0.0000
Epoch 21, val_loss: 2.7026, val_acc: 0.6857, val_prec:0.4286, val_recall: 0.1726, val_f1: 0.2429, val_auc: 0.0000
Epoch 22, train_loss: 3.5817, train_acc: 0.5509, train_prec:0.3247, train_recall: 0.3635, train_f1: 0.2884, train_auc: 0.0000
Epoch 22, val_loss: 2.1104, val_acc: 0.7071, val_prec:0.5714, val_recall: 0.2287, val_f1: 0.3222, val_auc: 0.0000
Epoch 23, train_loss: 4.6283, train_acc: 0.5309, train_prec:0.3200, train_recall: 0.4804, train_f1: 0.3293, train_auc: 0.0000
Epoch 23, val_loss: 2.1314, val_acc: 0.7000, val_prec:0.5357, val_recall: 0.2704, val_f1: 0.3460, val_auc: 0.0000
Epoch 24, train_loss: 2.6556, train_acc: 0.6364, train_prec:0.4161, train_recall: 0.4225, train_f1: 0.3528, train_auc: 0.0000
Epoch 24, val_loss: 2.0350, val_acc: 0.5071, val_prec:0.4200, val_recall: 0.8165, val_f1: 0.5245, val_auc: 0.0000
Epoch 25, train_loss: 2.1369, train_acc: 0.6218, train_prec:0.3633, train_recall: 0.3182, train_f1: 0.3016, train_auc: 0.0000
Epoch 25, val_loss: 1.0539, val_acc: 0.6286, val_prec:0.5411, val_recall: 0.6342, val_f1: 0.5044, val_auc: 0.0000
Epoch 26, train_loss: 3.1706, train_acc: 0.5745, train_prec:0.3896, train_recall: 0.4753, train_f1: 0.3601, train_auc: 0.0000
Epoch 26, val_loss: 2.0612, val_acc: 0.6429, val_prec:0.1786, val_recall: 0.0697, val_f1: 0.0992, val_auc: 0.0000
Epoch 27, train_loss: 3.4908, train_acc: 0.5800, train_prec:0.3111, train_recall: 0.2730, train_f1: 0.2429, train_auc: 0.0000
Epoch 27, val_loss: 0.9042, val_acc: 0.6143, val_prec:0.3520, val_recall: 0.1990, val_f1: 0.2222, val_auc: 0.0000
Epoch 28, train_loss: 1.6753, train_acc: 0.6073, train_prec:0.2891, train_recall: 0.3002, train_f1: 0.2658, train_auc: 0.0000
Epoch 28, val_loss: 0.9505, val_acc: 0.6500, val_prec:0.5506, val_recall: 0.5951, val_f1: 0.5145, val_auc: 0.0000
Epoch 29, train_loss: 4.7967, train_acc: 0.6182, train_prec:0.2480, train_recall: 0.3747, train_f1: 0.2664, train_auc: 0.0000
Epoch 29, val_loss: 1.2115, val_acc: 0.6500, val_prec:0.2857, val_recall: 0.1573, val_f1: 0.1952, val_auc: 0.0000
Epoch 30, train_loss: 2.3871, train_acc: 0.6127, train_prec:0.2932, train_recall: 0.2982, train_f1: 0.2543, train_auc: 0.0000
Epoch 30, val_loss: 1.8074, val_acc: 0.5429, val_prec:0.3849, val_recall: 0.6170, val_f1: 0.4441, val_auc: 0.0000
Epoch 31, train_loss: 2.6908, train_acc: 0.6036, train_prec:0.4131, train_recall: 0.4504, train_f1: 0.3750, train_auc: 0.0000
Epoch 31, val_loss: 2.0325, val_acc: 0.6571, val_prec:0.3929, val_recall: 0.1590, val_f1: 0.2230, val_auc: 0.0000
Epoch 32, train_loss: 7.6652, train_acc: 0.6091, train_prec:0.3561, train_recall: 0.2673, train_f1: 0.2556, train_auc: 0.0000
Epoch 32, val_loss: 3.0819, val_acc: 0.5786, val_prec:0.3418, val_recall: 0.4146, val_f1: 0.3379, val_auc: 0.0000
Epoch 33, train_loss: 7.0404, train_acc: 0.5836, train_prec:0.2717, train_recall: 0.2457, train_f1: 0.2195, train_auc: 0.0000
Epoch 33, val_loss: 2.8204, val_acc: 0.5500, val_prec:0.3893, val_recall: 0.3670, val_f1: 0.3594, val_auc: 0.0000
Epoch 34, train_loss: 3.2973, train_acc: 0.6036, train_prec:0.3914, train_recall: 0.3319, train_f1: 0.3090, train_auc: 0.0000
Epoch 34, val_loss: 1.7350, val_acc: 0.5786, val_prec:0.3974, val_recall: 0.4094, val_f1: 0.3831, val_auc: 0.0000
Epoch 35, train_loss: 2.8235, train_acc: 0.5927, train_prec:0.2976, train_recall: 0.2870, train_f1: 0.2565, train_auc: 0.0000
Epoch 35, val_loss: 2.3537, val_acc: 0.5214, val_prec:0.3614, val_recall: 0.6303, val_f1: 0.4334, val_auc: 0.0000
Epoch 36, train_loss: 3.1505, train_acc: 0.6291, train_prec:0.3554, train_recall: 0.3436, train_f1: 0.3128, train_auc: 0.0000
Epoch 36, val_loss: 2.3425, val_acc: 0.5000, val_prec:0.4103, val_recall: 0.7791, val_f1: 0.5039, val_auc: 0.0000
Epoch 37, train_loss: 2.3674, train_acc: 0.5891, train_prec:0.3642, train_recall: 0.3301, train_f1: 0.3026, train_auc: 0.0000
Epoch 37, val_loss: 1.6004, val_acc: 0.5357, val_prec:0.3906, val_recall: 0.5522, val_f1: 0.4209, val_auc: 0.0000
Epoch 38, train_loss: 1.3892, train_acc: 0.6509, train_prec:0.3338, train_recall: 0.2701, train_f1: 0.2648, train_auc: 0.0000
Epoch 38, val_loss: 1.3183, val_acc: 0.6214, val_prec:0.4429, val_recall: 0.4801, val_f1: 0.4235, val_auc: 0.0000
Epoch 39, train_loss: 1.3358, train_acc: 0.5927, train_prec:0.3507, train_recall: 0.3335, train_f1: 0.3038, train_auc: 0.0000
Epoch 39, val_loss: 1.5739, val_acc: 0.5429, val_prec:0.4202, val_recall: 0.7077, val_f1: 0.4895, val_auc: 0.0000
Epoch 40, train_loss: 1.3831, train_acc: 0.6164, train_prec:0.4439, train_recall: 0.3547, train_f1: 0.3442, train_auc: 0.0000
Epoch 40, val_loss: 1.1840, val_acc: 0.6929, val_prec:0.5238, val_recall: 0.2573, val_f1: 0.3345, val_auc: 0.0000
Epoch 41, train_loss: 2.9704, train_acc: 0.6018, train_prec:0.3773, train_recall: 0.4336, train_f1: 0.3369, train_auc: 0.0000
Epoch 41, val_loss: 2.8900, val_acc: 0.6357, val_prec:0.0833, val_recall: 0.0347, val_f1: 0.0490, val_auc: 0.0000
Epoch 42, train_loss: 2.0399, train_acc: 0.6164, train_prec:0.3213, train_recall: 0.2935, train_f1: 0.2696, train_auc: 0.0000
Epoch 42, val_loss: 0.9812, val_acc: 0.6143, val_prec:0.4417, val_recall: 0.4580, val_f1: 0.4096, val_auc: 0.0000
Epoch 43, train_loss: 2.5426, train_acc: 0.6327, train_prec:0.4321, train_recall: 0.3473, train_f1: 0.3372, train_auc: 0.0000
Epoch 43, val_loss: 1.0828, val_acc: 0.6714, val_prec:0.3869, val_recall: 0.2347, val_f1: 0.2777, val_auc: 0.0000
Epoch 44, train_loss: 2.9346, train_acc: 0.5945, train_prec:0.3654, train_recall: 0.3710, train_f1: 0.3134, train_auc: 0.0000
Epoch 44, val_loss: 1.4302, val_acc: 0.6571, val_prec:0.5238, val_recall: 0.3944, val_f1: 0.4084, val_auc: 0.0000
Epoch 45, train_loss: 1.3636, train_acc: 0.5982, train_prec:0.4327, train_recall: 0.4240, train_f1: 0.3708, train_auc: 0.0000
Epoch 45, val_loss: 0.9655, val_acc: 0.6500, val_prec:0.4929, val_recall: 0.4104, val_f1: 0.4158, val_auc: 0.0000
Epoch 46, train_loss: 2.6269, train_acc: 0.6036, train_prec:0.3252, train_recall: 0.3019, train_f1: 0.2760, train_auc: 0.0000
Epoch 46, val_loss: 1.1825, val_acc: 0.6500, val_prec:0.0714, val_recall: 0.0102, val_f1: 0.0179, val_auc: 0.0000
Epoch 47, train_loss: 3.5383, train_acc: 0.6055, train_prec:0.3489, train_recall: 0.3947, train_f1: 0.3134, train_auc: 0.0000
Epoch 47, val_loss: 1.3900, val_acc: 0.5286, val_prec:0.4155, val_recall: 0.6432, val_f1: 0.4713, val_auc: 0.0000
Epoch 48, train_loss: 1.3271, train_acc: 0.5855, train_prec:0.4249, train_recall: 0.4227, train_f1: 0.3727, train_auc: 0.0000
Epoch 48, val_loss: 1.0290, val_acc: 0.6714, val_prec:0.5048, val_recall: 0.3554, val_f1: 0.3825, val_auc: 0.0000
Epoch 49, train_loss: 0.9342, train_acc: 0.6582, train_prec:0.4627, train_recall: 0.3661, train_f1: 0.3634, train_auc: 0.0000
Epoch 49, val_loss: 0.9641, val_acc: 0.6929, val_prec:0.6000, val_recall: 0.3757, val_f1: 0.4291, val_auc: 0.0000
Epoch 50, train_loss: 1.0019, train_acc: 0.6200, train_prec:0.3984, train_recall: 0.3485, train_f1: 0.3147, train_auc: 0.0000
Epoch 50, val_loss: 0.9397, val_acc: 0.6786, val_prec:0.5833, val_recall: 0.2543, val_f1: 0.3321, val_auc: 0.0000
Epoch 51, train_loss: 0.9074, train_acc: 0.6327, train_prec:0.4335, train_recall: 0.2944, train_f1: 0.2952, train_auc: 0.0000
Epoch 51, val_loss: 0.9276, val_acc: 0.6714, val_prec:0.5286, val_recall: 0.3757, val_f1: 0.4077, val_auc: 0.0000
Epoch 52, train_loss: 2.7550, train_acc: 0.5800, train_prec:0.3566, train_recall: 0.3964, train_f1: 0.3142, train_auc: 0.0000
Epoch 52, val_loss: 2.2266, val_acc: 0.6214, val_prec:0.0357, val_recall: 0.0102, val_f1: 0.0159, val_auc: 0.0000
Epoch 53, train_loss: 2.2581, train_acc: 0.6382, train_prec:0.3547, train_recall: 0.2342, train_f1: 0.2443, train_auc: 0.0000
Epoch 53, val_loss: 0.8190, val_acc: 0.6571, val_prec:0.5607, val_recall: 0.5558, val_f1: 0.5059, val_auc: 0.0000
Epoch 54, train_loss: 1.0840, train_acc: 0.6436, train_prec:0.4374, train_recall: 0.3574, train_f1: 0.3339, train_auc: 0.0000
Epoch 54, val_loss: 0.9754, val_acc: 0.6857, val_prec:0.5595, val_recall: 0.3442, val_f1: 0.3715, val_auc: 0.0000
Epoch 55, train_loss: 0.8992, train_acc: 0.6491, train_prec:0.4333, train_recall: 0.2867, train_f1: 0.2964, train_auc: 0.0000
Epoch 55, val_loss: 0.7954, val_acc: 0.7071, val_prec:0.6667, val_recall: 0.3502, val_f1: 0.4311, val_auc: 0.0000
Epoch 56, train_loss: 0.8058, train_acc: 0.6491, train_prec:0.4411, train_recall: 0.3126, train_f1: 0.3061, train_auc: 0.0000
Epoch 56, val_loss: 0.8167, val_acc: 0.7000, val_prec:0.5476, val_recall: 0.3026, val_f1: 0.3736, val_auc: 0.0000
Epoch 57, train_loss: 0.7764, train_acc: 0.6473, train_prec:0.4408, train_recall: 0.3105, train_f1: 0.3037, train_auc: 0.0000
Epoch 57, val_loss: 0.8345, val_acc: 0.6929, val_prec:0.5476, val_recall: 0.2847, val_f1: 0.3545, val_auc: 0.0000
Epoch 58, train_loss: 0.7552, train_acc: 0.6455, train_prec:0.4318, train_recall: 0.3059, train_f1: 0.2978, train_auc: 0.0000
Epoch 58, val_loss: 0.7721, val_acc: 0.7000, val_prec:0.6190, val_recall: 0.2966, val_f1: 0.3783, val_auc: 0.0000
Epoch 59, train_loss: 0.7255, train_acc: 0.6491, train_prec:0.4317, train_recall: 0.3050, train_f1: 0.2974, train_auc: 0.0000
Epoch 59, val_loss: 0.7264, val_acc: 0.6929, val_prec:0.5833, val_recall: 0.2609, val_f1: 0.3426, val_auc: 0.0000
Epoch 60, train_loss: 0.7078, train_acc: 0.6473, train_prec:0.4306, train_recall: 0.3081, train_f1: 0.3005, train_auc: 0.0000
Epoch 60, val_loss: 0.7156, val_acc: 0.7071, val_prec:0.6548, val_recall: 0.2966, val_f1: 0.3902, val_auc: 0.0000
Epoch 61, train_loss: 0.6982, train_acc: 0.6473, train_prec:0.4246, train_recall: 0.3081, train_f1: 0.2989, train_auc: 0.0000
Epoch 61, val_loss: 0.6832, val_acc: 0.7071, val_prec:0.6786, val_recall: 0.2609, val_f1: 0.3630, val_auc: 0.0000
Epoch 62, train_loss: 0.6965, train_acc: 0.6473, train_prec:0.4321, train_recall: 0.3081, train_f1: 0.2991, train_auc: 0.0000
Epoch 62, val_loss: 0.6474, val_acc: 0.7071, val_prec:0.6071, val_recall: 0.2371, val_f1: 0.3273, val_auc: 0.0000
Epoch 63, train_loss: 0.6803, train_acc: 0.6491, train_prec:0.4500, train_recall: 0.3029, train_f1: 0.3006, train_auc: 0.0000
Epoch 63, val_loss: 0.6628, val_acc: 0.6929, val_prec:0.5357, val_recall: 0.1912, val_f1: 0.2658, val_auc: 0.0000
Epoch 64, train_loss: 0.6837, train_acc: 0.6527, train_prec:0.4471, train_recall: 0.3120, train_f1: 0.3057, train_auc: 0.0000
Epoch 64, val_loss: 0.7306, val_acc: 0.7000, val_prec:0.6071, val_recall: 0.2269, val_f1: 0.3134, val_auc: 0.0000
Epoch 65, train_loss: 0.7546, train_acc: 0.6545, train_prec:0.4058, train_recall: 0.3143, train_f1: 0.3010, train_auc: 0.0000
Epoch 65, val_loss: 0.6397, val_acc: 0.7214, val_prec:0.6786, val_recall: 0.2787, val_f1: 0.3821, val_auc: 0.0000
Epoch 66, train_loss: 0.6720, train_acc: 0.6582, train_prec:0.4705, train_recall: 0.3011, train_f1: 0.3050, train_auc: 0.0000
Epoch 66, val_loss: 0.6447, val_acc: 0.7143, val_prec:0.6667, val_recall: 0.2787, val_f1: 0.3749, val_auc: 0.0000
Epoch 67, train_loss: 0.6677, train_acc: 0.6582, train_prec:0.4543, train_recall: 0.3106, train_f1: 0.3108, train_auc: 0.0000
Epoch 67, val_loss: 0.6526, val_acc: 0.7071, val_prec:0.6071, val_recall: 0.2371, val_f1: 0.3273, val_auc: 0.0000
Epoch 68, train_loss: 0.6624, train_acc: 0.6564, train_prec:0.4478, train_recall: 0.3015, train_f1: 0.3032, train_auc: 0.0000
Epoch 68, val_loss: 0.6367, val_acc: 0.7143, val_prec:0.6667, val_recall: 0.2787, val_f1: 0.3749, val_auc: 0.0000
Epoch 69, train_loss: 0.6582, train_acc: 0.6600, train_prec:0.4638, train_recall: 0.3142, train_f1: 0.3172, train_auc: 0.0000
Epoch 69, val_loss: 0.6687, val_acc: 0.7143, val_prec:0.6071, val_recall: 0.2549, val_f1: 0.3464, val_auc: 0.0000
Epoch 70, train_loss: 0.6678, train_acc: 0.6709, train_prec:0.4652, train_recall: 0.3076, train_f1: 0.3180, train_auc: 0.0000
Epoch 70, val_loss: 0.6609, val_acc: 0.7071, val_prec:0.6667, val_recall: 0.2685, val_f1: 0.3611, val_auc: 0.0000
Epoch 71, train_loss: 0.6504, train_acc: 0.6764, train_prec:0.4680, train_recall: 0.3045, train_f1: 0.3163, train_auc: 0.0000
Epoch 71, val_loss: 0.6564, val_acc: 0.7071, val_prec:0.5714, val_recall: 0.2192, val_f1: 0.3107, val_auc: 0.0000
Epoch 72, train_loss: 0.6412, train_acc: 0.6709, train_prec:0.4580, train_recall: 0.2871, train_f1: 0.3042, train_auc: 0.0000
Epoch 72, val_loss: 0.6488, val_acc: 0.7071, val_prec:0.6429, val_recall: 0.2430, val_f1: 0.3464, val_auc: 0.0000
Epoch 73, train_loss: 0.6457, train_acc: 0.6782, train_prec:0.4813, train_recall: 0.3030, train_f1: 0.3207, train_auc: 0.0000
Epoch 73, val_loss: 0.6640, val_acc: 0.7000, val_prec:0.6429, val_recall: 0.2328, val_f1: 0.3325, val_auc: 0.0000
Epoch 74, train_loss: 0.6646, train_acc: 0.6618, train_prec:0.4245, train_recall: 0.2979, train_f1: 0.2968, train_auc: 0.0000
Epoch 74, val_loss: 0.6154, val_acc: 0.7071, val_prec:0.5357, val_recall: 0.1954, val_f1: 0.2783, val_auc: 0.0000
Epoch 75, train_loss: 0.6735, train_acc: 0.6709, train_prec:0.4691, train_recall: 0.3050, train_f1: 0.3136, train_auc: 0.0000
Epoch 75, val_loss: 0.8196, val_acc: 0.7286, val_prec:0.7381, val_recall: 0.3162, val_f1: 0.4182, val_auc: 0.0000
Epoch 76, train_loss: 0.7113, train_acc: 0.6709, train_prec:0.4472, train_recall: 0.3144, train_f1: 0.3135, train_auc: 0.0000
Epoch 76, val_loss: 0.6662, val_acc: 0.7143, val_prec:0.7143, val_recall: 0.2668, val_f1: 0.3821, val_auc: 0.0000
Epoch 77, train_loss: 0.6467, train_acc: 0.6800, train_prec:0.4811, train_recall: 0.3203, train_f1: 0.3278, train_auc: 0.0000
Epoch 77, val_loss: 0.7588, val_acc: 0.7143, val_prec:0.7143, val_recall: 0.2566, val_f1: 0.3682, val_auc: 0.0000
Epoch 78, train_loss: 0.6964, train_acc: 0.6745, train_prec:0.4371, train_recall: 0.3121, train_f1: 0.3118, train_auc: 0.0000
Epoch 78, val_loss: 0.7848, val_acc: 0.7071, val_prec:0.7143, val_recall: 0.2668, val_f1: 0.3821, val_auc: 0.0000
Epoch 79, train_loss: 0.6630, train_acc: 0.6800, train_prec:0.4572, train_recall: 0.3135, train_f1: 0.3166, train_auc: 0.0000
Epoch 79, val_loss: 0.6759, val_acc: 0.7000, val_prec:0.5714, val_recall: 0.2073, val_f1: 0.2988, val_auc: 0.0000
Epoch 80, train_loss: 0.6443, train_acc: 0.6745, train_prec:0.4641, train_recall: 0.3135, train_f1: 0.3180, train_auc: 0.0000
Epoch 80, val_loss: 0.6519, val_acc: 0.7143, val_prec:0.7143, val_recall: 0.2566, val_f1: 0.3682, val_auc: 0.0000
Epoch 81, train_loss: 0.6480, train_acc: 0.6745, train_prec:0.4707, train_recall: 0.3120, train_f1: 0.3162, train_auc: 0.0000
Epoch 81, val_loss: 0.5995, val_acc: 0.7071, val_prec:0.6071, val_recall: 0.2073, val_f1: 0.3022, val_auc: 0.0000
Epoch 82, train_loss: 0.6803, train_acc: 0.6600, train_prec:0.4386, train_recall: 0.2900, train_f1: 0.2974, train_auc: 0.0000
Epoch 82, val_loss: 0.7570, val_acc: 0.6929, val_prec:0.5952, val_recall: 0.3102, val_f1: 0.3760, val_auc: 0.0000
Epoch 83, train_loss: 0.6615, train_acc: 0.6800, train_prec:0.5130, train_recall: 0.3350, train_f1: 0.3418, train_auc: 0.0000
Epoch 83, val_loss: 0.6955, val_acc: 0.7143, val_prec:0.7143, val_recall: 0.2566, val_f1: 0.3682, val_auc: 0.0000
Epoch 84, train_loss: 0.6287, train_acc: 0.6709, train_prec:0.4775, train_recall: 0.3098, train_f1: 0.3220, train_auc: 0.0000
Epoch 84, val_loss: 0.6301, val_acc: 0.7071, val_prec:0.6071, val_recall: 0.1971, val_f1: 0.2896, val_auc: 0.0000
Epoch 85, train_loss: 0.6316, train_acc: 0.6727, train_prec:0.4306, train_recall: 0.2848, train_f1: 0.2963, train_auc: 0.0000
Epoch 85, val_loss: 0.5780, val_acc: 0.7071, val_prec:0.6071, val_recall: 0.2073, val_f1: 0.3035, val_auc: 0.0000
Epoch 86, train_loss: 0.6389, train_acc: 0.6636, train_prec:0.4702, train_recall: 0.3070, train_f1: 0.3178, train_auc: 0.0000
Epoch 86, val_loss: 0.6196, val_acc: 0.7143, val_prec:0.6429, val_recall: 0.1971, val_f1: 0.2930, val_auc: 0.0000
Epoch 87, train_loss: 0.6722, train_acc: 0.6491, train_prec:0.4359, train_recall: 0.2723, train_f1: 0.2833, train_auc: 0.0000
Epoch 87, val_loss: 0.5900, val_acc: 0.7071, val_prec:0.5714, val_recall: 0.2490, val_f1: 0.3338, val_auc: 0.0000
Epoch 88, train_loss: 0.6243, train_acc: 0.6727, train_prec:0.4689, train_recall: 0.3023, train_f1: 0.3138, train_auc: 0.0000
Epoch 88, val_loss: 0.6443, val_acc: 0.7071, val_prec:0.6071, val_recall: 0.1971, val_f1: 0.2896, val_auc: 0.0000
Epoch 89, train_loss: 0.6531, train_acc: 0.6564, train_prec:0.4477, train_recall: 0.2850, train_f1: 0.2987, train_auc: 0.0000
Epoch 89, val_loss: 0.6124, val_acc: 0.6929, val_prec:0.5714, val_recall: 0.1971, val_f1: 0.2825, val_auc: 0.0000
Epoch 90, train_loss: 0.6231, train_acc: 0.6727, train_prec:0.4703, train_recall: 0.2956, train_f1: 0.3118, train_auc: 0.0000
Epoch 90, val_loss: 0.7389, val_acc: 0.7071, val_prec:0.6071, val_recall: 0.1971, val_f1: 0.2896, val_auc: 0.0000
Epoch 91, train_loss: 0.8036, train_acc: 0.6745, train_prec:0.4128, train_recall: 0.3011, train_f1: 0.3024, train_auc: 0.0000
Epoch 91, val_loss: 1.3875, val_acc: 0.5786, val_prec:0.3755, val_recall: 0.4825, val_f1: 0.3864, val_auc: 0.0000
Epoch 92, train_loss: 2.1332, train_acc: 0.6509, train_prec:0.4490, train_recall: 0.3930, train_f1: 0.3597, train_auc: 0.0000
Epoch 92, val_loss: 6.9224, val_acc: 0.4714, val_prec:0.4009, val_recall: 0.9355, val_f1: 0.5313, val_auc: 0.0000
Epoch 93, train_loss: 5.7557, train_acc: 0.6018, train_prec:0.3307, train_recall: 0.3673, train_f1: 0.3149, train_auc: 0.0000
Epoch 93, val_loss: 2.1137, val_acc: 0.6643, val_prec:0.3929, val_recall: 0.1828, val_f1: 0.2073, val_auc: 0.0000
Epoch 94, train_loss: 2.1374, train_acc: 0.6018, train_prec:0.4224, train_recall: 0.5053, train_f1: 0.4134, train_auc: 0.0000
Epoch 94, val_loss: 0.9271, val_acc: 0.6071, val_prec:0.4514, val_recall: 0.6951, val_f1: 0.5184, val_auc: 0.0000
Epoch 95, train_loss: 4.8743, train_acc: 0.6345, train_prec:0.3663, train_recall: 0.3363, train_f1: 0.3033, train_auc: 0.0000
Epoch 95, val_loss: 3.3141, val_acc: 0.5143, val_prec:0.3785, val_recall: 0.6944, val_f1: 0.4603, val_auc: 0.0000
Epoch 96, train_loss: 15.7568, train_acc: 0.5982, train_prec:0.1329, train_recall: 0.2492, train_f1: 0.1622, train_auc: 0.0000
Epoch 96, val_loss: 3.3461, val_acc: 0.5786, val_prec:0.3583, val_recall: 0.4044, val_f1: 0.3546, val_auc: 0.0000
Epoch 97, train_loss: 7.9977, train_acc: 0.5927, train_prec:0.3212, train_recall: 0.3618, train_f1: 0.2885, train_auc: 0.0000
Epoch 97, val_loss: 4.2555, val_acc: 0.4714, val_prec:0.3963, val_recall: 0.8974, val_f1: 0.5201, val_auc: 0.0000
Epoch 98, train_loss: 5.2299, train_acc: 0.6255, train_prec:0.3013, train_recall: 0.2512, train_f1: 0.2384, train_auc: 0.0000
Epoch 98, val_loss: 1.8829, val_acc: 0.5000, val_prec:0.3995, val_recall: 0.7009, val_f1: 0.4711, val_auc: 0.0000
Epoch 99, train_loss: 2.3655, train_acc: 0.5891, train_prec:0.2494, train_recall: 0.2776, train_f1: 0.2251, train_auc: 0.0000
Epoch 99, val_loss: 1.1084, val_acc: 0.6429, val_prec:0.3571, val_recall: 0.1537, val_f1: 0.2000, val_auc: 0.0000
