nohup: ignoring input
start
target_file= ./dataset/data4_1-2.csv
(845, 2)
845 loaded!
676 169
Epoch  0, train_loss: 93.8053, train_acc: 0.5569, train_prec:0.3011, train_recall: 0.4275, train_f1: 0.2950, train_auc: 0.0000
Epoch  0, val_loss: 40.9677, val_acc: 0.4013, val_prec:0.3755, val_recall: 1.0000, val_f1: 0.5181, val_auc: 0.0000
Epoch  1, train_loss: 52.1659, train_acc: 0.5936, train_prec:0.3327, train_recall: 0.4226, train_f1: 0.3251, train_auc: 0.0000
Epoch  1, val_loss: 24.2616, val_acc: 0.6575, val_prec:0.4412, val_recall: 0.1398, val_f1: 0.2070, val_auc: 0.0000
Epoch  2, train_loss: 28.1121, train_acc: 0.6240, train_prec:0.3512, train_recall: 0.3502, train_f1: 0.3056, train_auc: 0.0000
Epoch  2, val_loss: 14.8052, val_acc: 0.6399, val_prec:0.2059, val_recall: 0.0559, val_f1: 0.0866, val_auc: 0.0000
Epoch  3, train_loss: 19.6333, train_acc: 0.6485, train_prec:0.2875, train_recall: 0.2755, train_f1: 0.2437, train_auc: 0.0000
Epoch  3, val_loss: 4.2038, val_acc: 0.6216, val_prec:0.4588, val_recall: 0.5838, val_f1: 0.4711, val_auc: 0.0000
Epoch  4, train_loss: 5.7358, train_acc: 0.6544, train_prec:0.4223, train_recall: 0.4490, train_f1: 0.3816, train_auc: 0.0000
Epoch  4, val_loss: 1.6107, val_acc: 0.5680, val_prec:0.4317, val_recall: 0.6367, val_f1: 0.4859, val_auc: 0.0000
Epoch  5, train_loss: 10.9810, train_acc: 0.6270, train_prec:0.3725, train_recall: 0.4715, train_f1: 0.3584, train_auc: 0.0000
Epoch  5, val_loss: 8.6544, val_acc: 0.5614, val_prec:0.4328, val_recall: 0.7961, val_f1: 0.5323, val_auc: 0.0000
Epoch  6, train_loss: 3.9448, train_acc: 0.6525, train_prec:0.3861, train_recall: 0.4436, train_f1: 0.3619, train_auc: 0.0000
Epoch  6, val_loss: 1.4768, val_acc: 0.6327, val_prec:0.4739, val_recall: 0.5465, val_f1: 0.4834, val_auc: 0.0000
Epoch  7, train_loss: 14.6562, train_acc: 0.6338, train_prec:0.4537, train_recall: 0.4621, train_f1: 0.3910, train_auc: 0.0000
Epoch  7, val_loss: 10.1677, val_acc: 0.6458, val_prec:0.1765, val_recall: 0.0412, val_f1: 0.0658, val_auc: 0.0000
Epoch  8, train_loss: 16.9190, train_acc: 0.6314, train_prec:0.3646, train_recall: 0.4221, train_f1: 0.3387, train_auc: 0.0000
Epoch  8, val_loss: 15.2540, val_acc: 0.6399, val_prec:0.0588, val_recall: 0.0196, val_f1: 0.0294, val_auc: 0.0000
Epoch  9, train_loss: 56.7679, train_acc: 0.5637, train_prec:0.2904, train_recall: 0.4592, train_f1: 0.3106, train_auc: 0.0000
Epoch  9, val_loss: 143.5703, val_acc: 0.6399, val_prec:0.0588, val_recall: 0.0147, val_f1: 0.0235, val_auc: 0.0000
Epoch 10, train_loss: 87.3528, train_acc: 0.5142, train_prec:0.3462, train_recall: 0.6272, train_f1: 0.4101, train_auc: 0.0000
Epoch 10, val_loss: 15.5934, val_acc: 0.6810, val_prec:0.5353, val_recall: 0.2976, val_f1: 0.3409, val_auc: 0.0000
Epoch 11, train_loss: 14.3788, train_acc: 0.6735, train_prec:0.4265, train_recall: 0.2367, train_f1: 0.2715, train_auc: 0.0000
Epoch 11, val_loss: 3.6407, val_acc: 0.6641, val_prec:0.4902, val_recall: 0.4165, val_f1: 0.4186, val_auc: 0.0000
Epoch 12, train_loss: 10.4395, train_acc: 0.6564, train_prec:0.4335, train_recall: 0.4302, train_f1: 0.3833, train_auc: 0.0000
Epoch 12, val_loss: 7.3261, val_acc: 0.4621, val_prec:0.3911, val_recall: 0.8739, val_f1: 0.5158, val_auc: 0.0000
Epoch 13, train_loss: 7.9200, train_acc: 0.6333, train_prec:0.4403, train_recall: 0.4864, train_f1: 0.3912, train_auc: 0.0000
Epoch 13, val_loss: 5.3286, val_acc: 0.6392, val_prec:0.3039, val_recall: 0.1805, val_f1: 0.1970, val_auc: 0.0000
Epoch 14, train_loss: 5.8991, train_acc: 0.6603, train_prec:0.4542, train_recall: 0.4312, train_f1: 0.3975, train_auc: 0.0000
Epoch 14, val_loss: 3.5054, val_acc: 0.5804, val_prec:0.4384, val_recall: 0.5758, val_f1: 0.4643, val_auc: 0.0000
Epoch 15, train_loss: 4.1647, train_acc: 0.6485, train_prec:0.4537, train_recall: 0.4520, train_f1: 0.4103, train_auc: 0.0000
Epoch 15, val_loss: 2.4957, val_acc: 0.6275, val_prec:0.4594, val_recall: 0.6259, val_f1: 0.5010, val_auc: 0.0000
Epoch 16, train_loss: 4.3624, train_acc: 0.6358, train_prec:0.4400, train_recall: 0.4580, train_f1: 0.3870, train_auc: 0.0000
Epoch 16, val_loss: 2.3076, val_acc: 0.6641, val_prec:0.4951, val_recall: 0.2796, val_f1: 0.3261, val_auc: 0.0000
Epoch 17, train_loss: 6.1347, train_acc: 0.6078, train_prec:0.3455, train_recall: 0.4563, train_f1: 0.3428, train_auc: 0.0000
Epoch 17, val_loss: 9.6459, val_acc: 0.5137, val_prec:0.3971, val_recall: 0.7667, val_f1: 0.4977, val_auc: 0.0000
Epoch 18, train_loss: 5.3009, train_acc: 0.6485, train_prec:0.3783, train_recall: 0.3919, train_f1: 0.3371, train_auc: 0.0000
Epoch 18, val_loss: 3.3229, val_acc: 0.6458, val_prec:0.1765, val_recall: 0.0412, val_f1: 0.0658, val_auc: 0.0000
Epoch 19, train_loss: 3.2026, train_acc: 0.6618, train_prec:0.4213, train_recall: 0.3546, train_f1: 0.3421, train_auc: 0.0000
Epoch 19, val_loss: 2.6053, val_acc: 0.5562, val_prec:0.3916, val_recall: 0.5220, val_f1: 0.4220, val_auc: 0.0000
Epoch 20, train_loss: 1.6692, train_acc: 0.6907, train_prec:0.5230, train_recall: 0.4182, train_f1: 0.4211, train_auc: 0.0000
Epoch 20, val_loss: 1.2608, val_acc: 0.6569, val_prec:0.4216, val_recall: 0.1972, val_f1: 0.2571, val_auc: 0.0000
Epoch 21, train_loss: 1.7523, train_acc: 0.6725, train_prec:0.4850, train_recall: 0.4120, train_f1: 0.4031, train_auc: 0.0000
Epoch 21, val_loss: 1.1561, val_acc: 0.6686, val_prec:0.4902, val_recall: 0.2188, val_f1: 0.2882, val_auc: 0.0000
Epoch 22, train_loss: 1.1107, train_acc: 0.7108, train_prec:0.5675, train_recall: 0.4363, train_f1: 0.4544, train_auc: 0.0000
Epoch 22, val_loss: 1.2042, val_acc: 0.6627, val_prec:0.4559, val_recall: 0.2943, val_f1: 0.3388, val_auc: 0.0000
Epoch 23, train_loss: 1.0021, train_acc: 0.7098, train_prec:0.5789, train_recall: 0.3945, train_f1: 0.4337, train_auc: 0.0000
Epoch 23, val_loss: 1.9685, val_acc: 0.6627, val_prec:0.5000, val_recall: 0.2648, val_f1: 0.3358, val_auc: 0.0000
Epoch 24, train_loss: 0.8130, train_acc: 0.7147, train_prec:0.5811, train_recall: 0.4023, train_f1: 0.4370, train_auc: 0.0000
Epoch 24, val_loss: 1.2268, val_acc: 0.6863, val_prec:0.5098, val_recall: 0.3522, val_f1: 0.4004, val_auc: 0.0000
Epoch 25, train_loss: 0.6688, train_acc: 0.7113, train_prec:0.5498, train_recall: 0.3925, train_f1: 0.4213, train_auc: 0.0000
Epoch 25, val_loss: 0.9375, val_acc: 0.6575, val_prec:0.4804, val_recall: 0.3597, val_f1: 0.4050, val_auc: 0.0000
Epoch 26, train_loss: 1.4311, train_acc: 0.6608, train_prec:0.4384, train_recall: 0.4188, train_f1: 0.3865, train_auc: 0.0000
Epoch 26, val_loss: 1.7284, val_acc: 0.6693, val_prec:0.5431, val_recall: 0.3836, val_f1: 0.4181, val_auc: 0.0000
Epoch 27, train_loss: 1.5700, train_acc: 0.6912, train_prec:0.4750, train_recall: 0.4306, train_f1: 0.4071, train_auc: 0.0000
Epoch 27, val_loss: 4.2729, val_acc: 0.6281, val_prec:0.4728, val_recall: 0.6520, val_f1: 0.5147, val_auc: 0.0000
Epoch 28, train_loss: 3.4983, train_acc: 0.6294, train_prec:0.3556, train_recall: 0.3458, train_f1: 0.2837, train_auc: 0.0000
Epoch 28, val_loss: 1.4843, val_acc: 0.7222, val_prec:0.6078, val_recall: 0.3297, val_f1: 0.3926, val_auc: 0.0000
Epoch 29, train_loss: 1.0649, train_acc: 0.7039, train_prec:0.5428, train_recall: 0.4012, train_f1: 0.4295, train_auc: 0.0000
Epoch 29, val_loss: 1.2447, val_acc: 0.7163, val_prec:0.6275, val_recall: 0.3214, val_f1: 0.4071, val_auc: 0.0000
Epoch 30, train_loss: 0.8689, train_acc: 0.7338, train_prec:0.5635, train_recall: 0.4213, train_f1: 0.4446, train_auc: 0.0000
Epoch 30, val_loss: 1.2506, val_acc: 0.6516, val_prec:0.3529, val_recall: 0.1441, val_f1: 0.1717, val_auc: 0.0000
Epoch 31, train_loss: 0.7880, train_acc: 0.7186, train_prec:0.5445, train_recall: 0.4210, train_f1: 0.4412, train_auc: 0.0000
Epoch 31, val_loss: 0.8960, val_acc: 0.7229, val_prec:0.6765, val_recall: 0.3097, val_f1: 0.3885, val_auc: 0.0000
Epoch 32, train_loss: 0.7368, train_acc: 0.7260, train_prec:0.5794, train_recall: 0.4034, train_f1: 0.4474, train_auc: 0.0000
Epoch 32, val_loss: 0.9062, val_acc: 0.7052, val_prec:0.7059, val_recall: 0.2517, val_f1: 0.3482, val_auc: 0.0000
Epoch 33, train_loss: 0.6947, train_acc: 0.7348, train_prec:0.5887, train_recall: 0.4105, train_f1: 0.4548, train_auc: 0.0000
Epoch 33, val_loss: 0.9197, val_acc: 0.7052, val_prec:0.6471, val_recall: 0.2503, val_f1: 0.3389, val_auc: 0.0000
Epoch 34, train_loss: 0.6721, train_acc: 0.7377, train_prec:0.6122, train_recall: 0.4193, train_f1: 0.4656, train_auc: 0.0000
Epoch 34, val_loss: 0.9901, val_acc: 0.6993, val_prec:0.5882, val_recall: 0.2307, val_f1: 0.3094, val_auc: 0.0000
Epoch 35, train_loss: 0.6380, train_acc: 0.7436, train_prec:0.6338, train_recall: 0.4197, train_f1: 0.4723, train_auc: 0.0000
Epoch 35, val_loss: 1.2505, val_acc: 0.7111, val_prec:0.6471, val_recall: 0.2552, val_f1: 0.3419, val_auc: 0.0000
Epoch 36, train_loss: 0.6249, train_acc: 0.7495, train_prec:0.6571, train_recall: 0.4319, train_f1: 0.4873, train_auc: 0.0000
Epoch 36, val_loss: 0.9314, val_acc: 0.7229, val_prec:0.6471, val_recall: 0.2787, val_f1: 0.3665, val_auc: 0.0000
Epoch 37, train_loss: 0.7357, train_acc: 0.7397, train_prec:0.6062, train_recall: 0.4738, train_f1: 0.4866, train_auc: 0.0000
Epoch 37, val_loss: 1.3652, val_acc: 0.6693, val_prec:0.4980, val_recall: 0.3723, val_f1: 0.3894, val_auc: 0.0000
Epoch 38, train_loss: 4.5335, train_acc: 0.6549, train_prec:0.4701, train_recall: 0.3929, train_f1: 0.3599, train_auc: 0.0000
Epoch 38, val_loss: 5.1012, val_acc: 0.5327, val_prec:0.4214, val_recall: 0.7667, val_f1: 0.5129, val_auc: 0.0000
Epoch 39, train_loss: 10.8222, train_acc: 0.6363, train_prec:0.3668, train_recall: 0.4186, train_f1: 0.3435, train_auc: 0.0000
Epoch 39, val_loss: 6.1069, val_acc: 0.6641, val_prec:0.4118, val_recall: 0.1594, val_f1: 0.2147, val_auc: 0.0000
Epoch 40, train_loss: 15.0265, train_acc: 0.5583, train_prec:0.3474, train_recall: 0.4975, train_f1: 0.3672, train_auc: 0.0000
Epoch 40, val_loss: 8.3671, val_acc: 0.6575, val_prec:0.3235, val_recall: 0.0741, val_f1: 0.1169, val_auc: 0.0000
Epoch 41, train_loss: 13.0689, train_acc: 0.6632, train_prec:0.3610, train_recall: 0.2949, train_f1: 0.2796, train_auc: 0.0000
Epoch 41, val_loss: 7.8833, val_acc: 0.6634, val_prec:0.3529, val_recall: 0.0839, val_f1: 0.1335, val_auc: 0.0000
Epoch 42, train_loss: 6.6974, train_acc: 0.6373, train_prec:0.4168, train_recall: 0.3645, train_f1: 0.3399, train_auc: 0.0000
Epoch 42, val_loss: 2.9292, val_acc: 0.6876, val_prec:0.4804, val_recall: 0.1938, val_f1: 0.2676, val_auc: 0.0000
Epoch 43, train_loss: 4.0958, train_acc: 0.6775, train_prec:0.4562, train_recall: 0.4517, train_f1: 0.4140, train_auc: 0.0000
Epoch 43, val_loss: 3.9122, val_acc: 0.6516, val_prec:0.4608, val_recall: 0.2831, val_f1: 0.3415, val_auc: 0.0000
Epoch 44, train_loss: 5.1162, train_acc: 0.6525, train_prec:0.4481, train_recall: 0.4179, train_f1: 0.3780, train_auc: 0.0000
Epoch 44, val_loss: 1.9185, val_acc: 0.6229, val_prec:0.3373, val_recall: 0.1721, val_f1: 0.2021, val_auc: 0.0000
Epoch 45, train_loss: 2.5091, train_acc: 0.6294, train_prec:0.3888, train_recall: 0.4721, train_f1: 0.3708, train_auc: 0.0000
Epoch 45, val_loss: 2.4566, val_acc: 0.6582, val_prec:0.4118, val_recall: 0.1182, val_f1: 0.1794, val_auc: 0.0000
Epoch 46, train_loss: 4.1030, train_acc: 0.6505, train_prec:0.4902, train_recall: 0.5363, train_f1: 0.4574, train_auc: 0.0000
Epoch 46, val_loss: 2.7044, val_acc: 0.6229, val_prec:0.4265, val_recall: 0.4689, val_f1: 0.4216, val_auc: 0.0000
Epoch 47, train_loss: 3.3455, train_acc: 0.6289, train_prec:0.3588, train_recall: 0.4223, train_f1: 0.3480, train_auc: 0.0000
Epoch 47, val_loss: 3.2131, val_acc: 0.6333, val_prec:0.2647, val_recall: 0.0824, val_f1: 0.1216, val_auc: 0.0000
Epoch 48, train_loss: 1.9282, train_acc: 0.6637, train_prec:0.3908, train_recall: 0.3348, train_f1: 0.3287, train_auc: 0.0000
Epoch 48, val_loss: 1.4785, val_acc: 0.5922, val_prec:0.4000, val_recall: 0.5097, val_f1: 0.4198, val_auc: 0.0000
Epoch 49, train_loss: 1.1791, train_acc: 0.6917, train_prec:0.4747, train_recall: 0.4071, train_f1: 0.3864, train_auc: 0.0000
Epoch 49, val_loss: 1.2037, val_acc: 0.6876, val_prec:0.5255, val_recall: 0.5969, val_f1: 0.5343, val_auc: 0.0000
Epoch 50, train_loss: 0.9810, train_acc: 0.7049, train_prec:0.4794, train_recall: 0.4368, train_f1: 0.4139, train_auc: 0.0000
Epoch 50, val_loss: 1.0325, val_acc: 0.6882, val_prec:0.5294, val_recall: 0.5655, val_f1: 0.5236, val_auc: 0.0000
Epoch 51, train_loss: 0.8600, train_acc: 0.7044, train_prec:0.5120, train_recall: 0.4414, train_f1: 0.4296, train_auc: 0.0000
Epoch 51, val_loss: 0.7828, val_acc: 0.6765, val_prec:0.5235, val_recall: 0.4699, val_f1: 0.4666, val_auc: 0.0000
Epoch 52, train_loss: 1.2356, train_acc: 0.7147, train_prec:0.4960, train_recall: 0.4408, train_f1: 0.4237, train_auc: 0.0000
Epoch 52, val_loss: 1.1226, val_acc: 0.6582, val_prec:0.4980, val_recall: 0.4444, val_f1: 0.4331, val_auc: 0.0000
Epoch 53, train_loss: 0.7900, train_acc: 0.7216, train_prec:0.5314, train_recall: 0.4564, train_f1: 0.4529, train_auc: 0.0000
Epoch 53, val_loss: 0.6989, val_acc: 0.6699, val_prec:0.5873, val_recall: 0.3517, val_f1: 0.3934, val_auc: 0.0000
Epoch 54, train_loss: 1.9468, train_acc: 0.6770, train_prec:0.5154, train_recall: 0.4993, train_f1: 0.4503, train_auc: 0.0000
Epoch 54, val_loss: 3.1870, val_acc: 0.6340, val_prec:0.4873, val_recall: 0.5263, val_f1: 0.4645, val_auc: 0.0000
Epoch 55, train_loss: 2.4371, train_acc: 0.7142, train_prec:0.5069, train_recall: 0.3752, train_f1: 0.3985, train_auc: 0.0000
Epoch 55, val_loss: 1.5882, val_acc: 0.6987, val_prec:0.5931, val_recall: 0.2929, val_f1: 0.3542, val_auc: 0.0000
Epoch 56, train_loss: 1.0941, train_acc: 0.7260, train_prec:0.5961, train_recall: 0.4509, train_f1: 0.4667, train_auc: 0.0000
Epoch 56, val_loss: 0.9389, val_acc: 0.6758, val_prec:0.5049, val_recall: 0.2536, val_f1: 0.3049, val_auc: 0.0000
Epoch 57, train_loss: 0.8497, train_acc: 0.7480, train_prec:0.5836, train_recall: 0.4454, train_f1: 0.4723, train_auc: 0.0000
Epoch 57, val_loss: 0.8646, val_acc: 0.6993, val_prec:0.6029, val_recall: 0.2566, val_f1: 0.3371, val_auc: 0.0000
Epoch 58, train_loss: 0.9232, train_acc: 0.7373, train_prec:0.6015, train_recall: 0.4770, train_f1: 0.4946, train_auc: 0.0000
Epoch 58, val_loss: 0.7129, val_acc: 0.7118, val_prec:0.5490, val_recall: 0.3625, val_f1: 0.4130, val_auc: 0.0000
Epoch 59, train_loss: 0.6862, train_acc: 0.7554, train_prec:0.6480, train_recall: 0.4270, train_f1: 0.4772, train_auc: 0.0000
Epoch 59, val_loss: 0.6423, val_acc: 0.7170, val_prec:0.6471, val_recall: 0.2419, val_f1: 0.3305, val_auc: 0.0000
Epoch 60, train_loss: 3.7974, train_acc: 0.7020, train_prec:0.4879, train_recall: 0.4574, train_f1: 0.4431, train_auc: 0.0000
Epoch 60, val_loss: 4.1804, val_acc: 0.6575, val_prec:0.1765, val_recall: 0.0412, val_f1: 0.0658, val_auc: 0.0000
Epoch 61, train_loss: 1.8688, train_acc: 0.6980, train_prec:0.5600, train_recall: 0.3884, train_f1: 0.4158, train_auc: 0.0000
Epoch 61, val_loss: 1.4227, val_acc: 0.6510, val_prec:0.4471, val_recall: 0.3013, val_f1: 0.3200, val_auc: 0.0000
Epoch 62, train_loss: 0.9433, train_acc: 0.7172, train_prec:0.5606, train_recall: 0.4422, train_f1: 0.4493, train_auc: 0.0000
Epoch 62, val_loss: 1.1273, val_acc: 0.7163, val_prec:0.5539, val_recall: 0.3508, val_f1: 0.3983, val_auc: 0.0000
Epoch 63, train_loss: 1.5257, train_acc: 0.6941, train_prec:0.5339, train_recall: 0.4341, train_f1: 0.4272, train_auc: 0.0000
Epoch 63, val_loss: 1.2535, val_acc: 0.6810, val_prec:0.3235, val_recall: 0.1216, val_f1: 0.1748, val_auc: 0.0000
Epoch 64, train_loss: 1.0592, train_acc: 0.7162, train_prec:0.5652, train_recall: 0.3791, train_f1: 0.4216, train_auc: 0.0000
Epoch 64, val_loss: 1.0509, val_acc: 0.6935, val_prec:0.4902, val_recall: 0.1944, val_f1: 0.2694, val_auc: 0.0000
Epoch 65, train_loss: 1.0231, train_acc: 0.7206, train_prec:0.5753, train_recall: 0.4169, train_f1: 0.4483, train_auc: 0.0000
Epoch 65, val_loss: 0.9248, val_acc: 0.6987, val_prec:0.5980, val_recall: 0.3013, val_f1: 0.3663, val_auc: 0.0000
Epoch 66, train_loss: 0.7060, train_acc: 0.7466, train_prec:0.6245, train_recall: 0.4623, train_f1: 0.4905, train_auc: 0.0000
Epoch 66, val_loss: 0.8656, val_acc: 0.7163, val_prec:0.6078, val_recall: 0.3189, val_f1: 0.3812, val_auc: 0.0000
Epoch 67, train_loss: 0.6257, train_acc: 0.7402, train_prec:0.6319, train_recall: 0.4491, train_f1: 0.4871, train_auc: 0.0000
Epoch 67, val_loss: 0.8851, val_acc: 0.7105, val_prec:0.5667, val_recall: 0.4101, val_f1: 0.4443, val_auc: 0.0000
Epoch 68, train_loss: 0.5972, train_acc: 0.7554, train_prec:0.6672, train_recall: 0.4679, train_f1: 0.5146, train_auc: 0.0000
Epoch 68, val_loss: 0.8795, val_acc: 0.7288, val_prec:0.6373, val_recall: 0.3307, val_f1: 0.4050, val_auc: 0.0000
Epoch 69, train_loss: 0.6716, train_acc: 0.7505, train_prec:0.6316, train_recall: 0.4722, train_f1: 0.5052, train_auc: 0.0000
Epoch 69, val_loss: 0.9081, val_acc: 0.7163, val_prec:0.6078, val_recall: 0.4179, val_f1: 0.4572, val_auc: 0.0000
Epoch 70, train_loss: 1.5212, train_acc: 0.7343, train_prec:0.5836, train_recall: 0.5132, train_f1: 0.5122, train_auc: 0.0000
Epoch 70, val_loss: 2.7325, val_acc: 0.6876, val_prec:0.5716, val_recall: 0.3591, val_f1: 0.3986, val_auc: 0.0000
Epoch 71, train_loss: 2.0140, train_acc: 0.7044, train_prec:0.4778, train_recall: 0.3941, train_f1: 0.3913, train_auc: 0.0000
Epoch 71, val_loss: 1.0003, val_acc: 0.6693, val_prec:0.4931, val_recall: 0.3954, val_f1: 0.4167, val_auc: 0.0000
Epoch 72, train_loss: 1.4961, train_acc: 0.6975, train_prec:0.5239, train_recall: 0.4438, train_f1: 0.4231, train_auc: 0.0000
Epoch 72, val_loss: 1.4673, val_acc: 0.6281, val_prec:0.4595, val_recall: 0.6387, val_f1: 0.5157, val_auc: 0.0000
Epoch 73, train_loss: 1.5235, train_acc: 0.6990, train_prec:0.4955, train_recall: 0.4687, train_f1: 0.4313, train_auc: 0.0000
Epoch 73, val_loss: 1.2417, val_acc: 0.6510, val_prec:0.4724, val_recall: 0.5626, val_f1: 0.4933, val_auc: 0.0000
Epoch 74, train_loss: 2.2498, train_acc: 0.6971, train_prec:0.5570, train_recall: 0.4903, train_f1: 0.4616, train_auc: 0.0000
Epoch 74, val_loss: 0.8282, val_acc: 0.6399, val_prec:0.4412, val_recall: 0.3577, val_f1: 0.3733, val_auc: 0.0000
Epoch 75, train_loss: 7.5310, train_acc: 0.6412, train_prec:0.3616, train_recall: 0.3775, train_f1: 0.3319, train_auc: 0.0000
Epoch 75, val_loss: 6.8804, val_acc: 0.6340, val_prec:0.2353, val_recall: 0.0608, val_f1: 0.0952, val_auc: 0.0000
Epoch 76, train_loss: 11.9500, train_acc: 0.6270, train_prec:0.2943, train_recall: 0.3707, train_f1: 0.2832, train_auc: 0.0000
Epoch 76, val_loss: 3.1441, val_acc: 0.6399, val_prec:0.1176, val_recall: 0.0314, val_f1: 0.0490, val_auc: 0.0000
Epoch 77, train_loss: 2.9551, train_acc: 0.5760, train_prec:0.2887, train_recall: 0.3135, train_f1: 0.2610, train_auc: 0.0000
Epoch 77, val_loss: 1.6821, val_acc: 0.5333, val_prec:0.4099, val_recall: 0.6578, val_f1: 0.4666, val_auc: 0.0000
Epoch 78, train_loss: 1.6230, train_acc: 0.6299, train_prec:0.3624, train_recall: 0.3745, train_f1: 0.3229, train_auc: 0.0000
Epoch 78, val_loss: 1.1966, val_acc: 0.5386, val_prec:0.4303, val_recall: 0.8078, val_f1: 0.5358, val_auc: 0.0000
Epoch 79, train_loss: 1.7406, train_acc: 0.6412, train_prec:0.4011, train_recall: 0.4126, train_f1: 0.3536, train_auc: 0.0000
Epoch 79, val_loss: 1.2185, val_acc: 0.6399, val_prec:0.4907, val_recall: 0.6873, val_f1: 0.5365, val_auc: 0.0000
Epoch 80, train_loss: 0.9897, train_acc: 0.6961, train_prec:0.4887, train_recall: 0.4282, train_f1: 0.4170, train_auc: 0.0000
Epoch 80, val_loss: 1.0193, val_acc: 0.6451, val_prec:0.4846, val_recall: 0.4887, val_f1: 0.4404, val_auc: 0.0000
Epoch 81, train_loss: 2.4027, train_acc: 0.6794, train_prec:0.4659, train_recall: 0.4559, train_f1: 0.4208, train_auc: 0.0000
Epoch 81, val_loss: 1.9057, val_acc: 0.6458, val_prec:0.2353, val_recall: 0.0510, val_f1: 0.0826, val_auc: 0.0000
Epoch 82, train_loss: 1.9513, train_acc: 0.6873, train_prec:0.4346, train_recall: 0.3684, train_f1: 0.3591, train_auc: 0.0000
Epoch 82, val_loss: 0.8374, val_acc: 0.6935, val_prec:0.5465, val_recall: 0.5034, val_f1: 0.4882, val_auc: 0.0000
Epoch 83, train_loss: 1.0469, train_acc: 0.7270, train_prec:0.5464, train_recall: 0.4612, train_f1: 0.4556, train_auc: 0.0000
Epoch 83, val_loss: 0.7255, val_acc: 0.6758, val_prec:0.5294, val_recall: 0.4606, val_f1: 0.4651, val_auc: 0.0000
Epoch 84, train_loss: 1.1260, train_acc: 0.7196, train_prec:0.5591, train_recall: 0.4324, train_f1: 0.4444, train_auc: 0.0000
Epoch 84, val_loss: 0.7607, val_acc: 0.6817, val_prec:0.4941, val_recall: 0.3291, val_f1: 0.3749, val_auc: 0.0000
Epoch 85, train_loss: 1.2922, train_acc: 0.7049, train_prec:0.5642, train_recall: 0.4948, train_f1: 0.4815, train_auc: 0.0000
Epoch 85, val_loss: 0.7683, val_acc: 0.6810, val_prec:0.5275, val_recall: 0.2845, val_f1: 0.3302, val_auc: 0.0000
Epoch 86, train_loss: 0.7929, train_acc: 0.7181, train_prec:0.5675, train_recall: 0.4396, train_f1: 0.4566, train_auc: 0.0000
Epoch 86, val_loss: 0.7031, val_acc: 0.6980, val_prec:0.4735, val_recall: 0.2797, val_f1: 0.3196, val_auc: 0.0000
Epoch 87, train_loss: 0.8794, train_acc: 0.7279, train_prec:0.5714, train_recall: 0.4582, train_f1: 0.4675, train_auc: 0.0000
Epoch 87, val_loss: 0.6401, val_acc: 0.6987, val_prec:0.5245, val_recall: 0.4724, val_f1: 0.4749, val_auc: 0.0000
Epoch 88, train_loss: 0.7413, train_acc: 0.7363, train_prec:0.6052, train_recall: 0.4689, train_f1: 0.4912, train_auc: 0.0000
Epoch 88, val_loss: 0.6331, val_acc: 0.7105, val_prec:0.5618, val_recall: 0.3209, val_f1: 0.3686, val_auc: 0.0000
Epoch 89, train_loss: 0.7895, train_acc: 0.7216, train_prec:0.5804, train_recall: 0.4365, train_f1: 0.4556, train_auc: 0.0000
Epoch 89, val_loss: 0.6343, val_acc: 0.7346, val_prec:0.6500, val_recall: 0.3640, val_f1: 0.4359, val_auc: 0.0000
Epoch 90, train_loss: 0.6354, train_acc: 0.7387, train_prec:0.6287, train_recall: 0.4439, train_f1: 0.4827, train_auc: 0.0000
Epoch 90, val_loss: 0.6550, val_acc: 0.7163, val_prec:0.5912, val_recall: 0.3640, val_f1: 0.4202, val_auc: 0.0000
Epoch 91, train_loss: 0.5904, train_acc: 0.7525, train_prec:0.6520, train_recall: 0.4547, train_f1: 0.4975, train_auc: 0.0000
Epoch 91, val_loss: 0.6512, val_acc: 0.7229, val_prec:0.6500, val_recall: 0.3444, val_f1: 0.4134, val_auc: 0.0000
Epoch 92, train_loss: 0.5731, train_acc: 0.7495, train_prec:0.6706, train_recall: 0.4386, train_f1: 0.4898, train_auc: 0.0000
Epoch 92, val_loss: 0.7325, val_acc: 0.7229, val_prec:0.6431, val_recall: 0.3571, val_f1: 0.4153, val_auc: 0.0000
Epoch 93, train_loss: 0.9673, train_acc: 0.7181, train_prec:0.5472, train_recall: 0.4424, train_f1: 0.4344, train_auc: 0.0000
Epoch 93, val_loss: 0.6943, val_acc: 0.7052, val_prec:0.5853, val_recall: 0.4199, val_f1: 0.4578, val_auc: 0.0000
Epoch 94, train_loss: 0.9009, train_acc: 0.7275, train_prec:0.5441, train_recall: 0.4395, train_f1: 0.4435, train_auc: 0.0000
Epoch 94, val_loss: 0.8650, val_acc: 0.6810, val_prec:0.5735, val_recall: 0.4836, val_f1: 0.4843, val_auc: 0.0000
Epoch 95, train_loss: 0.9926, train_acc: 0.7348, train_prec:0.5643, train_recall: 0.4706, train_f1: 0.4694, train_auc: 0.0000
Epoch 95, val_loss: 0.8823, val_acc: 0.7229, val_prec:0.6275, val_recall: 0.2193, val_f1: 0.3148, val_auc: 0.0000
Epoch 96, train_loss: 0.7142, train_acc: 0.7422, train_prec:0.5995, train_recall: 0.4557, train_f1: 0.4836, train_auc: 0.0000
Epoch 96, val_loss: 0.7351, val_acc: 0.6993, val_prec:0.5784, val_recall: 0.2193, val_f1: 0.3105, val_auc: 0.0000
Epoch 97, train_loss: 0.6965, train_acc: 0.7333, train_prec:0.5814, train_recall: 0.4285, train_f1: 0.4557, train_auc: 0.0000
Epoch 97, val_loss: 0.6753, val_acc: 0.7170, val_prec:0.6275, val_recall: 0.2179, val_f1: 0.3125, val_auc: 0.0000
Epoch 98, train_loss: 0.5743, train_acc: 0.7583, train_prec:0.6723, train_recall: 0.4447, train_f1: 0.4967, train_auc: 0.0000
Epoch 98, val_loss: 0.7827, val_acc: 0.6993, val_prec:0.5490, val_recall: 0.1978, val_f1: 0.2822, val_auc: 0.0000
Epoch 99, train_loss: 0.5648, train_acc: 0.7510, train_prec:0.6885, train_recall: 0.4468, train_f1: 0.5051, train_auc: 0.0000
Epoch 99, val_loss: 0.7813, val_acc: 0.6993, val_prec:0.5490, val_recall: 0.1978, val_f1: 0.2822, val_auc: 0.0000
