100           0.892           0.686           0.969           0.726           0.891           0.664           0.945           0.777           0.916        2862.394
       101           0.890           0.684           0.967           0.728           0.892           0.663           0.945           0.779           0.915        2890.439
       102           0.889           0.683           0.967           0.728           0.892           0.665           0.947           0.777           0.915        2918.530
       103           0.889           0.683           0.966           0.728           0.891           0.662           0.942           0.781           0.915        2946.432
       104           0.888           0.683           0.965           0.729           0.892           0.661           0.943           0.782           0.915        2992.719
       105           0.887           0.681           0.964           0.730           0.892           0.661           0.943           0.781           0.916        3050.070
       106           0.887           0.682           0.964           0.730           0.892           0.658           0.936           0.783           0.917        3111.872
       107           0.886           0.681           0.964           0.731           0.892           0.660           0.938           0.784           0.916        3174.236
       108           0.885           0.680           0.962           0.732           0.892           0.657           0.934           0.785           0.917        3239.329
       109           0.885           0.680           0.963           0.731           0.893           0.657           0.936           0.785           0.916        3304.961
        110           0.884           0.680           0.961           0.732           0.892           0.658           0.935           0.784           0.917        3366.951
       111           0.883           0.679           0.961           0.733           0.892           0.658           0.937           0.783           0.917        3425.939
       112           0.883           0.679           0.960           0.733           0.893           0.660           0.941           0.783           0.916        3480.510
       113           0.882           0.679           0.960           0.734           0.892           0.661           0.943           0.780           0.915        3535.642
       114           0.881           0.678           0.959           0.735           0.893           0.659           0.940           0.783           0.916        3591.403
       115           0.881           0.678           0.959           0.734           0.893           0.660           0.941           0.781           0.916        3647.693
       116           0.880           0.678           0.958           0.735           0.893           0.655           0.934           0.786           0.918        3705.704
       117           0.879           0.677           0.957           0.735           0.893           0.659           0.940           0.781           0.916        3762.351
       118           0.879           0.676           0.957           0.735           0.893           0.657           0.935           0.784           0.917        3825.188
       119           0.877           0.675           0.955           0.736           0.894           0.658           0.938           0.782           0.916        3890.689
       120           0.877           0.674           0.955           0.737           0.894           0.659           0.941           0.783           0.916        3956.198
       121           0.876           0.674           0.954           0.737           0.894           0.656           0.938           0.783           0.917        4018.979
       122           0.875           0.673           0.953           0.738           0.894           0.656           0.938           0.785           0.916        4075.516
       123           0.875           0.673           0.953           0.738           0.894           0.656           0.936           0.785           0.917        4137.763
       124           0.875           0.672           0.953           0.738           0.894           0.659           0.941           0.782           0.916        4190.350
       125           0.874           0.672           0.952           0.739           0.894           0.661           0.944           0.781           0.915        4247.267
       126           0.874           0.672           0.952           0.739           0.894           0.659           0.941           0.782           0.915        4305.031
       127           0.873           0.671           0.951           0.740           0.894           0.659           0.944           0.781           0.915        4370.239
       128           0.872           0.671           0.950           0.740           0.894           0.661           0.947           0.780           0.914        4427.309
       129           0.872           0.672           0.951           0.740           0.894           0.662           0.944           0.781           0.914        4485.101
       130           0.871           0.670           0.949           0.741           0.894           0.665           0.950           0.779           0.914        4541.855
       131           0.871           0.670           0.950           0.741           0.894           0.666           0.952           0.777           0.913        4599.627
       132           0.871           0.670           0.950           0.741           0.895           0.666           0.946           0.780           0.914        4656.295
       133           0.871           0.670           0.949           0.742           0.895           0.662           0.944           0.781           0.915        4714.194
       134           0.871           0.671           0.949           0.741           0.895           0.669           0.955           0.779           0.912        4771.991
       135           0.870           0.669           0.948           0.742           0.895           0.667           0.952           0.780           0.913        4829.785
       136           0.869           0.669           0.947           0.743           0.895           0.667           0.952           0.780           0.913        4887.531
       137           0.867           0.668           0.946           0.744           0.896           0.671           0.957           0.781           0.911        4952.913
       138           0.868           0.668           0.946           0.743           0.896           0.665           0.949           0.781           0.913        5020.250
       139           0.866           0.667           0.945           0.744           0.896           0.665           0.949           0.783           0.912        5088.570
       140           0.866           0.667           0.944           0.744           0.896           0.664           0.950           0.783           0.913        5151.040
       141           0.866           0.667           0.944           0.744           0.896           0.666           0.949           0.781           0.912        5200.795
       142           0.864           0.666           0.943           0.745           0.896           0.666           0.950           0.782           0.912        5252.986
       143           0.864           0.666           0.943           0.745           0.896           0.667           0.948           0.784           0.912        5304.386
       144           0.863           0.666           0.942           0.746           0.896           0.660           0.939           0.787           0.914        5360.047
       145           0.863           0.666           0.941           0.745           0.897           0.659           0.938           0.788           0.914        5413.207
       146           0.861           0.663           0.939           0.747           0.897           0.660           0.941           0.787           0.914        5468.646
       147           0.861           0.664           0.940           0.747           0.897           0.660           0.941           0.788           0.913        5522.422
       148           0.860           0.663           0.939           0.748           0.897           0.661           0.941           0.788           0.913        5577.346
       149           0.860           0.663           0.938           0.748           0.898           0.662           0.944           0.787           0.912        5627.791
       150           0.859           0.663           0.938           0.748           0.897           0.658           0.938           0.789           0.913        5681.213
       151           0.859           0.662           0.937           0.748           0.897           0.662           0.945           0.786           0.912        5735.486
       152           0.857           0.661           0.936           0.749           0.898           0.657           0.936           0.788           0.914        5785.948
       153           0.857           0.661           0.936           0.749           0.898           0.663           0.943           0.789           0.912        5844.699
       154           0.857           0.660           0.936           0.750           0.898           0.658           0.937           0.791           0.914        5900.050
       155           0.856           0.660           0.935           0.750           0.898           0.655           0.933           0.792           0.914        5955.353
       156           0.855           0.660           0.934           0.751           0.898           0.657           0.937           0.789           0.914        6010.599
       157           0.855           0.658           0.933           0.751           0.898           0.662           0.941           0.791           0.912        6068.586
       158           0.855           0.659           0.934           0.751           0.898           0.661           0.940           0.788           0.913        6128.445
       159           0.855           0.659           0.933           0.751           0.898           0.658           0.936           0.790           0.914        6184.083
       160           0.855           0.659           0.933           0.751           0.899           0.656           0.934           0.789           0.914        6236.630
       161           0.853           0.658           0.932           0.752           0.899           0.655           0.932           0.789           0.915        6292.422
       162           0.854           0.658           0.933           0.751           0.899           0.660           0.938           0.794           0.913        6349.402
       163           0.852           0.657           0.931           0.753           0.899           0.655           0.935           0.792           0.915        6405.610
       164           0.852           0.656           0.930           0.753           0.899           0.656           0.936           0.792           0.914        6463.178
       165           0.850           0.655           0.929           0.754           0.899           0.654           0.934           0.792           0.914        6521.093
       166           0.850           0.655           0.929           0.754           0.899           0.658           0.935           0.789           0.914        6578.815
       167           0.849           0.654           0.928           0.754           0.899           0.653           0.932           0.791           0.915        6635.550
       168           0.848           0.654           0.927           0.755           0.900           0.656           0.935           0.789           0.914        6689.656
       169           0.848           0.653           0.927           0.755           0.900           0.653           0.928           0.792           0.915        6744.071
        170           0.847           0.652           0.926           0.755           0.899           0.651           0.931           0.792           0.915        6809.846
       171           0.846           0.651           0.925           0.756           0.900           0.653           0.932           0.793           0.914        6909.133
       172           0.846           0.651           0.925           0.756           0.900           0.650           0.923           0.795           0.916        6977.373
       173           0.844           0.651           0.924           0.757           0.900           0.647           0.922           0.798           0.916        7025.692
       174           0.844           0.650           0.923           0.757           0.901           0.650           0.926           0.794           0.916        7081.912
       175           0.844           0.649           0.923           0.757           0.901           0.649           0.922           0.795           0.916        7140.318
       176           0.842           0.649           0.921           0.758           0.901           0.646           0.917           0.797           0.918        7194.416
       177           0.842           0.649           0.921           0.758           0.901           0.647           0.920           0.797           0.917        7249.394
       178           0.841           0.648           0.920           0.759           0.901           0.646           0.919           0.797           0.917        7295.817
       179           0.841           0.648           0.920           0.759           0.901           0.648           0.919           0.796           0.918        7347.062
       180           0.840           0.647           0.919           0.760           0.901           0.648           0.924           0.797           0.917        7398.656
       181           0.839           0.647           0.919           0.760           0.901           0.644           0.918           0.797           0.918        7450.728
       182           0.839           0.646           0.919           0.760           0.901           0.647           0.918           0.797           0.918        7504.158
       183           0.838           0.646           0.917           0.761           0.902           0.644           0.915           0.798           0.918        7558.002
       184           0.837           0.645           0.917           0.761           0.902           0.642           0.910           0.798           0.920        7610.261
       185           0.837           0.645           0.916           0.761           0.901           0.645           0.915           0.800           0.918        7663.195
       186           0.837           0.645           0.917           0.761           0.901           0.646           0.919           0.794           0.918        7716.538
       187           0.836           0.644           0.915           0.763           0.901           0.640           0.909           0.801           0.920        7775.078
       188           0.836           0.644           0.915           0.762           0.902           0.644           0.919           0.799           0.917        7831.558
       189           0.835           0.643           0.914           0.763           0.902           0.643           0.914           0.798           0.918        7885.644
       190           0.835           0.643           0.914           0.763           0.902           0.642           0.916           0.801           0.917        7913.211
       191           0.834           0.643           0.914           0.764           0.902           0.640           0.912           0.800           0.919        7947.078
       192           0.834           0.642           0.913           0.764           0.903           0.639           0.911           0.803           0.918        7974.646
       193           0.834           0.642           0.913           0.764           0.902           0.638           0.908           0.799           0.920        8002.187
       194           0.833           0.642           0.913           0.765           0.902           0.640           0.914           0.801           0.917        8029.705
       195           0.832           0.642           0.912           0.765           0.902           0.641           0.915           0.799           0.917        8057.251
       196           0.833           0.642           0.913           0.765           0.902           0.641           0.911           0.797           0.918        8084.756
       197           0.832           0.641           0.912           0.765           0.902           0.643           0.917           0.795           0.917        8112.256
       198           0.832           0.642           0.912           0.766           0.903           0.641           0.914           0.797           0.917        8139.606
       199           0.831           0.640           0.911           0.766           0.902           0.641           0.918           0.800           0.915        8167.006
       200           0.831           0.641           0.911           0.766           0.902           0.639           0.907           0.802           0.918        8194.420
       201           0.830           0.641           0.910           0.767           0.903           0.637           0.909           0.800           0.918        8221.902
       202           0.830           0.640           0.910           0.766           0.903           0.638           0.912           0.800           0.917        8249.340
       203           0.828           0.639           0.908           0.768           0.903           0.640           0.913           0.799           0.917        8276.806
       204           0.829           0.639           0.909           0.767           0.903           0.637           0.908           0.803           0.918        8304.371
       205           0.829           0.640           0.909           0.767           0.903           0.637           0.914           0.798           0.917        8331.949
       206           0.827           0.638           0.907           0.769           0.903           0.636           0.909           0.800           0.919        8359.541
       207           0.829           0.639           0.908           0.768           0.903           0.635           0.910           0.804           0.918        8387.109
       208           0.828           0.640           0.908           0.768           0.903           0.639           0.915           0.797           0.918        8414.684
       209           0.826           0.637           0.906           0.769           0.903           0.638           0.912           0.799           0.918        8442.284
       210           0.827           0.638           0.907           0.769           0.904           0.637           0.913           0.798           0.919        8470.297
       211           0.826           0.637           0.906           0.770           0.904           0.633           0.910           0.802           0.919        8498.276
       212           0.825           0.637           0.905           0.770           0.904           0.631           0.909           0.803           0.919        8533.286
       213           0.824           0.636           0.904           0.771           0.904           0.631           0.909           0.803           0.919        8561.071
       214           0.824           0.636           0.904           0.771           0.904           0.634           0.913           0.799           0.918        8588.906
       215           0.823           0.635           0.903           0.771           0.904           0.635           0.914           0.799           0.918        8616.682
       216           0.824           0.635           0.904           0.771           0.904           0.636           0.915           0.796           0.918        8644.374
       217           0.823           0.634           0.903           0.772           0.904           0.633           0.912           0.799           0.919        8671.767
       218           0.821           0.633           0.901           0.773           0.904           0.634           0.913           0.799           0.919        8699.208
       219           0.820           0.633           0.901           0.773           0.905           0.633           0.911           0.801           0.919        8726.721
       220           0.821           0.633           0.901           0.773           0.905           0.633           0.908           0.801           0.920        8754.159
       221           0.820           0.633           0.900           0.773           0.904           0.631           0.908           0.800           0.920        8781.650
       222           0.820           0.632           0.900           0.773           0.905           0.630           0.910           0.801           0.920        8808.732
       223           0.819           0.632           0.899           0.773           0.905           0.633           0.910           0.798           0.920        8835.796
       224           0.819           0.632           0.899           0.774           0.905           0.631           0.908           0.801           0.920        8862.735
       225           0.818           0.631           0.898           0.774           0.905           0.634           0.912           0.800           0.920        8889.747
       226           0.818           0.632           0.899           0.774           0.905           0.630           0.910           0.800           0.921        8916.872
       227           0.818           0.632           0.898           0.774           0.905           0.631           0.909           0.798           0.921        8944.099
       228           0.818           0.631           0.898           0.774           0.905           0.627           0.906           0.803           0.921        8971.251
       229           0.818           0.632           0.898           0.774           0.905           0.630           0.908           0.798           0.921        8998.304
       230           0.818           0.631           0.898           0.774           0.905           0.631           0.910           0.800           0.921        9025.296
       231           0.818           0.632           0.898           0.774           0.905           0.631           0.911           0.795           0.921        9052.264
       232           0.817           0.631           0.898           0.775           0.905           0.634           0.914           0.794           0.920        9079.144
       233           0.816           0.630           0.896           0.775           0.905           0.629           0.912           0.797           0.921        9106.084
       234           0.817           0.631           0.897           0.775           0.905           0.628           0.908           0.798           0.922        9133.055
       235           0.815           0.631           0.896           0.776           0.906           0.630           0.909           0.797           0.921        9159.928
       236           0.814           0.630           0.894           0.776           0.906           0.630           0.907           0.798           0.921        9194.573
       237           0.813           0.629           0.894           0.776           0.906           0.627           0.909           0.800           0.921        9221.714
       238           0.814           0.629           0.894           0.776           0.906           0.631           0.911           0.798           0.921        9248.896
       239           0.814           0.629           0.894           0.777           0.905           0.633           0.910           0.797           0.921        9276.047
       240           0.813           0.628           0.894           0.776           0.906           0.632           0.909           0.797           0.922        9303.231
       241           0.812           0.628           0.892           0.777           0.906           0.631           0.907           0.797           0.922        9330.364
       242           0.812           0.628           0.892           0.777           0.906           0.630           0.903           0.799           0.922        9357.484
       243           0.811           0.628           0.892           0.777           0.906           0.631           0.906           0.797           0.922        9384.579
       244           0.812           0.628           0.892           0.777           0.907           0.635           0.913           0.796           0.921        9411.764
       245           0.811           0.627           0.891           0.778           0.906           0.633           0.907           0.795           0.922        9438.958
       246           0.811           0.627           0.891           0.778           0.906           0.638           0.911           0.794           0.921        9466.952
       247           0.811           0.627           0.892           0.778           0.906           0.628           0.903           0.800           0.923        9495.044
       248           0.810           0.627           0.891           0.777           0.907           0.642           0.918           0.794           0.919        9523.168
       249           0.810           0.626           0.891           0.778           0.906           0.637           0.911           0.796           0.920        9551.231
       250           0.809           0.627           0.890           0.778           0.907           0.637           0.912           0.797           0.921        9579.381
       251           0.808           0.626           0.889           0.779           0.906           0.632           0.907           0.799           0.922        9607.614
       252           0.808           0.626           0.888           0.779           0.906           0.640           0.914           0.796           0.920        9635.790
       253           0.808           0.625           0.888           0.780           0.907           0.637           0.912           0.796           0.920        9663.952
       254           0.808           0.625           0.889           0.780           0.907           0.636           0.909           0.797           0.921        9692.085
       255           0.807           0.626           0.888           0.780           0.907           0.637           0.909           0.796           0.921        9719.832
       256           0.807           0.625           0.888           0.780           0.906           0.640           0.911           0.797           0.920        9747.298
       257           0.807           0.625           0.888           0.780           0.907           0.639           0.913           0.794           0.921        9774.662
       258           0.806           0.624           0.887           0.781           0.907           0.640           0.910           0.798           0.920        9801.937
       259           0.806           0.625           0.887           0.780           0.907           0.638           0.912           0.797           0.920        9829.191
       260           0.806           0.624           0.886           0.781           0.907           0.639           0.911           0.795           0.921        9856.503
       261           0.805           0.625           0.886           0.781           0.907           0.641           0.912           0.796           0.920        9883.848
       262           0.804           0.623           0.885           0.781           0.907           0.643           0.917           0.794           0.920        9911.182
       263           0.804           0.623           0.885           0.781           0.907           0.639           0.909           0.797           0.921        9948.536
       264           0.804           0.623           0.885           0.782           0.907           0.642           0.917           0.795           0.920        9976.771
       265           0.803           0.623           0.884           0.782           0.907           0.640           0.911           0.797           0.920       10004.882
       266           0.804           0.623           0.885           0.782           0.907           0.641           0.914           0.796           0.921       10032.793
       267           0.804           0.623           0.885           0.782           0.908           0.639           0.913           0.794           0.921       10060.066
       268           0.804           0.624           0.885           0.782           0.907           0.637           0.911           0.796           0.920       10087.414
       269           0.803           0.623           0.884           0.783           0.907           0.640           0.913           0.796           0.921       10114.817
       270           0.803           0.623           0.884           0.783           0.907           0.640           0.912           0.797           0.920       10142.255
       271           0.802           0.622           0.883           0.783           0.907           0.636           0.907           0.799           0.921       10169.562
       272           0.801           0.621           0.882           0.784           0.908           0.639           0.914           0.795           0.920       10196.919
       273           0.802           0.621           0.883           0.783           0.907           0.637           0.911           0.799           0.921       10224.377
        274           0.802           0.622           0.883           0.783           0.907           0.638           0.911           0.797           0.921       10251.831
       275           0.801           0.621           0.882           0.784           0.908           0.641           0.913           0.797           0.920       10279.295
       276           0.801           0.621           0.882           0.784           0.907           0.638           0.909           0.798           0.921       10306.767
       277           0.798           0.618           0.879           0.785           0.908           0.640           0.915           0.795           0.921       10334.258
       278           0.797           0.618           0.878           0.786           0.908           0.634           0.905           0.801           0.922       10361.750
       279           0.797           0.618           0.878           0.786           0.908           0.637           0.912           0.795           0.921       10390.376
       280           0.795           0.617           0.877           0.787           0.909           0.635           0.906           0.800           0.922       10418.437
       281           0.796           0.617           0.877           0.786           0.909           0.638           0.911           0.797           0.921       10446.859
       282           0.794           0.616           0.875           0.788           0.909           0.634           0.907           0.800           0.922       10475.250
       283           0.794           0.617           0.875           0.787           0.909           0.632           0.903           0.804           0.922       10503.586
       284           0.795           0.617           0.876           0.787           0.908           0.637           0.911           0.798           0.922       10531.698
       285           0.795           0.617           0.876           0.788           0.909           0.635           0.909           0.799           0.922       10559.420
       286           0.795           0.617           0.876           0.787           0.908           0.635           0.905           0.800           0.922       10586.843
       287           0.792           0.615           0.873           0.789           0.909           0.629           0.900           0.804           0.923       10614.436
       288           0.792           0.615           0.873           0.789           0.909           0.636           0.906           0.799           0.922       10642.270
       289           0.792           0.614           0.873           0.788           0.909           0.633           0.906           0.800           0.922       10671.783
       290           0.790           0.614           0.872           0.789           0.909           0.633           0.907           0.797           0.922       10699.030
       291           0.790           0.614           0.872           0.789           0.910           0.631           0.905           0.800           0.922       10726.259
       292           0.789           0.613           0.871           0.790           0.910           0.630           0.904           0.800           0.923       10772.650
       293           0.789           0.613           0.871           0.790           0.910           0.631           0.902           0.800           0.923       10800.428
       294           0.789           0.612           0.870           0.790           0.910           0.631           0.904           0.799           0.924       10828.226
       295           0.788           0.612           0.870           0.790           0.910           0.629           0.902           0.801           0.924       10856.037
       296           0.789           0.613           0.870           0.790           0.910           0.631           0.904           0.798           0.924       10883.995
       297           0.789           0.613           0.870           0.790           0.910           0.634           0.906           0.796           0.923       10911.613
       298           0.789           0.613           0.870           0.790           0.910           0.631           0.904           0.798           0.923       10939.057
       299           0.790           0.613           0.871           0.790           0.910           0.633           0.907           0.795           0.923       10966.505
       300           0.786           0.611           0.867           0.792           0.910           0.626           0.899           0.803           0.923       10994.052
       301           0.786           0.611           0.868           0.791           0.910           0.625           0.899           0.801           0.923       11021.471
       302           0.785           0.610           0.866           0.792           0.910           0.623           0.895           0.804           0.924       11048.863
       303           0.785           0.610           0.867           0.792           0.911           0.626           0.899           0.802           0.924       11076.210
       304           0.784           0.610           0.866           0.793           0.911           0.624           0.896           0.804           0.924       11103.541
       305           0.785           0.610           0.866           0.792           0.910           0.626           0.899           0.801           0.924       11131.066
       306           0.783           0.609           0.864           0.794           0.911           0.622           0.895           0.804           0.924       11158.558
       307           0.783           0.608           0.865           0.793           0.910           0.624           0.896           0.803           0.925       11186.011
       308           0.782           0.608           0.864           0.794           0.911           0.622           0.893           0.805           0.924       11213.521
       309           0.783           0.608           0.864           0.793           0.910           0.624           0.896           0.804           0.924       11240.978
       310           0.782           0.608           0.863           0.794           0.911           0.622           0.895           0.804           0.925       11268.448
       311           0.782           0.607           0.863           0.794           0.911           0.620           0.894           0.804           0.925       11295.879
       312           0.780           0.607           0.862           0.794           0.911           0.621           0.894           0.805           0.925       11323.169
       313           0.781           0.607           0.863           0.794           0.911           0.623           0.895           0.803           0.924       11350.561
       314           0.780           0.607           0.862           0.795           0.911           0.620           0.892           0.806           0.924       11378.006
       315           0.781           0.607           0.862           0.794           0.911           0.619           0.892           0.806           0.925       11405.529
       316           0.779           0.606           0.860           0.796           0.911           0.620           0.892           0.805           0.925       11433.125
       317           0.780           0.606           0.862           0.795           0.911           0.619           0.891           0.805           0.925       11460.811
       318           0.779           0.606           0.861           0.796           0.911           0.621           0.893           0.805           0.925       11488.384
       319           0.778           0.605           0.860           0.796           0.912           0.619           0.891           0.805           0.925       11516.086
       320           0.778           0.605           0.860           0.796           0.912           0.617           0.890           0.805           0.926       11543.803
       321           0.777           0.605           0.859           0.796           0.911           0.618           0.891           0.805           0.925       11571.483
       322           0.777           0.605           0.859           0.796           0.912           0.622           0.895           0.804           0.925       11599.180
       323           0.778           0.606           0.860           0.796           0.911           0.620           0.894           0.802           0.925       11626.749
       324           0.776           0.604           0.858           0.797           0.912           0.623           0.895           0.804           0.925       11654.143
       325           0.776           0.604           0.858           0.797           0.912           0.623           0.898           0.801           0.925       11694.460
       326           0.775           0.604           0.857           0.798           0.912           0.619           0.891           0.805           0.925       11721.889
       327           0.775           0.604           0.857           0.798           0.912           0.618           0.890           0.805           0.925       11749.303
       328           0.776           0.604           0.858           0.797           0.912           0.615           0.890           0.805           0.926       11776.735
       329           0.774           0.602           0.856           0.798           0.912           0.615           0.888           0.806           0.926       11842.672
       330           0.775           0.604           0.857           0.797           0.912           0.618           0.890           0.805           0.925       11870.583
       331           0.774           0.602           0.856           0.798           0.912           0.620           0.893           0.805           0.925       11898.102
       332           0.775           0.603           0.857           0.797           0.912           0.620           0.894           0.804           0.924       11925.766
       333           0.772           0.601           0.854           0.799           0.912           0.617           0.890           0.805           0.925       11953.184
       334           0.774           0.603           0.856           0.798           0.912           0.618           0.893           0.805           0.925       11980.701
       335           0.772           0.601           0.854           0.799           0.913           0.618           0.891           0.805           0.925       12008.204
       336           0.773           0.602           0.855           0.798           0.913           0.622           0.898           0.801           0.924       12035.481
       337           0.772           0.601           0.854           0.799           0.912           0.620           0.896           0.802           0.925       12062.756
       338           0.772           0.601           0.855           0.799           0.913           0.621           0.895           0.803           0.925       12090.397
       339           0.772           0.601           0.854           0.799           0.912           0.620           0.895           0.803           0.924       12118.099
       340           0.771           0.600           0.853           0.799           0.912           0.620           0.896           0.802           0.924       12145.882
       341           0.772           0.601           0.854           0.799           0.912           0.618           0.892           0.804           0.925       12173.331
       342           0.772           0.601           0.854           0.799           0.912           0.621           0.896           0.802           0.924       12200.554
       343           0.770           0.599           0.852           0.800           0.913           0.619           0.893           0.804           0.925       12227.725
       344           0.772           0.601           0.854           0.799           0.912           0.622           0.899           0.801           0.924       12255.161
       345           0.771           0.600           0.853           0.800           0.912           0.621           0.899           0.800           0.924       12282.703
       346           0.770           0.600           0.852           0.800           0.912           0.622           0.899           0.800           0.924       12310.565
       347           0.770           0.599           0.852           0.800           0.913           0.621           0.898           0.801           0.925       12338.365
       348           0.768           0.598           0.850           0.801           0.913           0.616           0.889           0.806           0.925       12365.330
       349           0.769           0.599           0.851           0.801           0.913           0.618           0.895           0.803           0.924       12392.175
       350           0.768           0.599           0.850           0.801           0.913           0.619           0.896           0.803           0.924       12419.013
       351           0.767           0.598           0.849           0.801           0.913           0.619           0.894           0.803           0.924       12445.926
       352           0.767           0.598           0.850           0.801           0.913           0.620           0.897           0.803           0.923       12472.822
       353           0.767           0.598           0.849           0.801           0.913           0.616           0.891           0.806           0.924       12499.808
       354           0.767           0.598           0.849           0.801           0.913           0.619           0.893           0.804           0.924       12526.683
       355           0.766           0.597           0.848           0.801           0.913           0.619           0.895           0.804           0.924       12553.793
       356           0.766           0.597           0.848           0.802           0.913           0.619           0.895           0.803           0.924       12580.776
       357           0.767           0.598           0.849           0.801           0.913           0.619           0.897           0.803           0.923       12607.708
       358           0.766           0.597           0.848           0.802           0.913           0.619           0.895           0.803           0.923       12634.679
       359           0.766           0.597           0.848           0.802           0.913           0.620           0.898           0.802           0.923       12661.728
       360           0.766           0.597           0.848           0.802           0.913           0.616           0.890           0.806           0.924       12704.541
       361           0.764           0.594           0.846           0.803           0.914           0.613           0.883           0.811           0.924       12731.399
       362           0.764           0.595           0.846           0.803           0.914           0.614           0.885           0.810           0.924       12758.274
       363           0.763           0.594           0.845           0.803           0.914           0.613           0.884           0.811           0.924       12785.122
       364           0.762           0.593           0.844           0.804           0.914           0.613           0.883           0.811           0.925       12811.897
       365           0.762           0.593           0.844           0.804           0.914           0.614           0.885           0.809           0.924       12838.646
       366           0.762           0.593           0.844           0.804           0.914           0.614           0.885           0.810           0.924       12865.560
       367           0.762           0.594           0.845           0.803           0.914           0.613           0.884           0.810           0.924       12892.458
       368           0.761           0.594           0.844           0.804           0.914           0.610           0.881           0.813           0.925       12919.377
       369           0.761           0.593           0.844           0.804           0.914           0.610           0.882           0.812           0.925       12946.361
       370           0.761           0.593           0.843           0.804           0.914           0.610           0.880           0.813           0.925       12973.455
       371           0.761           0.593           0.843           0.804           0.914           0.614           0.885           0.810           0.924       13000.493
       372           0.760           0.593           0.842           0.805           0.914           0.612           0.881           0.812           0.925       13027.482
       373           0.760           0.593           0.843           0.804           0.914           0.613           0.884           0.810           0.925       13054.516
       374           0.760           0.592           0.842           0.804           0.914           0.612           0.882           0.811           0.925       13081.575
       375           0.759           0.592           0.842           0.805           0.914           0.613           0.882           0.811           0.925       13108.734
       376           0.760           0.592           0.842           0.805           0.914           0.612           0.881           0.812           0.925       13135.914
       377           0.759           0.592           0.842           0.805           0.914           0.612           0.882           0.812           0.925       13163.093
       378           0.758           0.592           0.841           0.805           0.914           0.610           0.881           0.812           0.925       13190.392
       379           0.759           0.592           0.842           0.805           0.914           0.613           0.882           0.811           0.925       13217.764
       380           0.759           0.592           0.841           0.805           0.914           0.613           0.884           0.811           0.925       13245.077
       381           0.758           0.592           0.841           0.805           0.914           0.613           0.883           0.811           0.925       13272.525
       382           0.758           0.591           0.841           0.806           0.914           0.614           0.885           0.810           0.925       13299.941
       383           0.758           0.591           0.840           0.806           0.914           0.614           0.885           0.808           0.925       13327.282
       384           0.758           0.591           0.841           0.805           0.914           0.614           0.884           0.810           0.925       13354.530
       385           0.757           0.591           0.840           0.806           0.914           0.612           0.883           0.811           0.925       13381.827
       386           0.757           0.591           0.840           0.806           0.914           0.612           0.882           0.811           0.925       13409.067
       387           0.758           0.591           0.840           0.806           0.914           0.611           0.881           0.812           0.925       13436.246
       388           0.757           0.591           0.840           0.806           0.915           0.612           0.883           0.811           0.925       13463.351
       389           0.756           0.590           0.839           0.806           0.914           0.610           0.879           0.813           0.926       13490.256
       390           0.756           0.590           0.839           0.806           0.914           0.611           0.882           0.811           0.925       13517.207
       391           0.757           0.591           0.840           0.806           0.914           0.611           0.880           0.812           0.926       13544.087
       392           0.756           0.590           0.839           0.807           0.915           0.610           0.880           0.812           0.926       13571.049
       393           0.755           0.589           0.838           0.807           0.915           0.610           0.880           0.812           0.926       13597.928
       394           0.756           0.590           0.838           0.807           0.914           0.609           0.879           0.813           0.926       13624.920
       395           0.755           0.589           0.837           0.807           0.915           0.610           0.881           0.811           0.926       13651.946
       396           0.755           0.589           0.838           0.807           0.915           0.610           0.881           0.812           0.926       13678.813
        397           0.756           0.590           0.839           0.806           0.914           0.610           0.879           0.812           0.926       13705.623
       398           0.755           0.589           0.838           0.807           0.915           0.609           0.879           0.813           0.926       13732.394
       399           0.755           0.589           0.837           0.807           0.915           0.609           0.881           0.812           0.926       13759.172
       400           0.752           0.587           0.835           0.808           0.915           0.610           0.880           0.815           0.925       13801.294
       401           0.752           0.587           0.835           0.809           0.915           0.608           0.877           0.816           0.925       13827.991
       402           0.752           0.587           0.835           0.808           0.915           0.607           0.877           0.817           0.926       13854.640
       403           0.752           0.587           0.835           0.808           0.915           0.611           0.880           0.815           0.924       13881.484
       404           0.752           0.587           0.835           0.808           0.915           0.609           0.878           0.815           0.925       13908.289
       405           0.752           0.587           0.834           0.809           0.915           0.609           0.880           0.815           0.925       13935.149
       406           0.752           0.588           0.835           0.808           0.915           0.608           0.879           0.816           0.925       13962.099
       407           0.752           0.587           0.834           0.809           0.915           0.608           0.878           0.816           0.925       13989.118
       408           0.751           0.586           0.834           0.809           0.915           0.609           0.880           0.815           0.925       14016.258
       409           0.751           0.586           0.833           0.809           0.915           0.608           0.879           0.816           0.925       14043.250
       410           0.751           0.586           0.834           0.809           0.915           0.607           0.877           0.817           0.925       14070.341
       411           0.751           0.586           0.834           0.809           0.915           0.608           0.878           0.816           0.925       14097.539
       412           0.751           0.587           0.834           0.809           0.915           0.607           0.876           0.816           0.926       14124.681
       413           0.750           0.586           0.833           0.810           0.915           0.608           0.879           0.815           0.925       14151.861
       414           0.751           0.586           0.833           0.810           0.915           0.608           0.879           0.816           0.925       14179.024
       415           0.750           0.586           0.833           0.810           0.916           0.608           0.878           0.816           0.925       14206.217
       416           0.749           0.585           0.832           0.810           0.915           0.607           0.878           0.816           0.926       14233.453
       417           0.750           0.586           0.833           0.810           0.915           0.608           0.878           0.817           0.925       14260.744
       418           0.750           0.586           0.833           0.810           0.916           0.606           0.877           0.817           0.926       14288.622
       419           0.749           0.585           0.832           0.810           0.916           0.608           0.878           0.816           0.925       14316.655
       420           0.748           0.584           0.831           0.810           0.916           0.608           0.877           0.816           0.926       14344.697
       421           0.749           0.585           0.832           0.810           0.915           0.608           0.879           0.816           0.925       14372.540
       422           0.749           0.585           0.831           0.811           0.915           0.607           0.877           0.816           0.925       14400.432
       423           0.748           0.585           0.831           0.810           0.916           0.609           0.879           0.816           0.925       14428.294
       424           0.748           0.585           0.831           0.810           0.915           0.608           0.879           0.816           0.925       14455.989
       425           0.747           0.584           0.830           0.811           0.915           0.607           0.877           0.819           0.925       14483.877
       426           0.747           0.583           0.830           0.811           0.916           0.610           0.879           0.819           0.924       14511.744
       427           0.746           0.582           0.829           0.811           0.916           0.609           0.876           0.821           0.925       14539.598
       428           0.746           0.582           0.829           0.812           0.916           0.606           0.873           0.822           0.926       14567.507
       429           0.745           0.582           0.828           0.812           0.916           0.610           0.879           0.819           0.925       14595.429
       430           0.746           0.583           0.829           0.812           0.916           0.607           0.876           0.820           0.925       14623.429
       431           0.745           0.582           0.828           0.812           0.916           0.608           0.878           0.819           0.925       14651.580
       432           0.745           0.582           0.828           0.812           0.916           0.609           0.879           0.819           0.925       14679.654
       433           0.745           0.582           0.828           0.812           0.916           0.610           0.881           0.818           0.925       14707.777
       434           0.745           0.582           0.828           0.812           0.916           0.608           0.877           0.819           0.925       14735.818
       435           0.744           0.582           0.827           0.812           0.916           0.606           0.875           0.821           0.926       14763.672
       436           0.744           0.582           0.828           0.812           0.916           0.607           0.876           0.820           0.926       14791.473
       437           0.744           0.581           0.827           0.812           0.916           0.607           0.877           0.820           0.925       14819.085
       438           0.745           0.582           0.828           0.812           0.916           0.606           0.876           0.820           0.925       14846.748
       439           0.744           0.582           0.827           0.812           0.916           0.610           0.879           0.819           0.925       14874.250
       440           0.744           0.581           0.827           0.813           0.916           0.607           0.876           0.820           0.926       14901.737
       441           0.744           0.581           0.827           0.813           0.916           0.607           0.877           0.821           0.925       14929.056
       442           0.744           0.581           0.827           0.813           0.916           0.609           0.881           0.818           0.925       14956.354
       443           0.743           0.581           0.826           0.813           0.916           0.605           0.874           0.822           0.926       14983.765
       444           0.743           0.581           0.826           0.813           0.916           0.608           0.881           0.819           0.925       15026.628
       445           0.743           0.581           0.826           0.813           0.916           0.607           0.877           0.821           0.925       15053.738
       446           0.744           0.581           0.827           0.813           0.917           0.607           0.877           0.821           0.926       15081.021
       447           0.743           0.581           0.826           0.813           0.916           0.606           0.875           0.822           0.926       15108.248
       448           0.743           0.580           0.826           0.813           0.917           0.607           0.876           0.821           0.926       15135.628
       449           0.742           0.580           0.825           0.814           0.916           0.608           0.877           0.820           0.925       15162.962
       450           0.742           0.580           0.826           0.813           0.917           0.608           0.878           0.821           0.925       15190.450
       451           0.742           0.580           0.825           0.814           0.917           0.608           0.878           0.821           0.925       15218.309
       452           0.742           0.580           0.825           0.813           0.916           0.608           0.879           0.820           0.925       15246.013
       453           0.742           0.580           0.825           0.813           0.916           0.607           0.877           0.821           0.925       15273.722
       454           0.741           0.579           0.824           0.814           0.917           0.612           0.884           0.822           0.924       15301.412
       455           0.740           0.578           0.823           0.814           0.917           0.611           0.882           0.822           0.924       15328.940
       456           0.740           0.578           0.823           0.815           0.917           0.613           0.884           0.821           0.924       15356.506
       457           0.740           0.578           0.823           0.814           0.917           0.612           0.882           0.822           0.924       15383.999
       458           0.740           0.578           0.823           0.814           0.917           0.612           0.883           0.822           0.924       15411.477
       459           0.739           0.577           0.822           0.815           0.917           0.613           0.884           0.821           0.924       15439.065
       460           0.739           0.577           0.823           0.815           0.917           0.612           0.883           0.822           0.924       15466.582
       461           0.739           0.578           0.822           0.815           0.917           0.611           0.882           0.822           0.924       15494.172
       462           0.738           0.577           0.822           0.815           0.917           0.613           0.885           0.821           0.924       15521.781
       463           0.738           0.577           0.822           0.815           0.917           0.614           0.885           0.821           0.924       15549.426
       464           0.738           0.577           0.822           0.815           0.917           0.611           0.883           0.821           0.924       15577.242
       465           0.738           0.577           0.822           0.815           0.917           0.614           0.887           0.820           0.923       15604.532
       466           0.738           0.576           0.821           0.816           0.917           0.611           0.881           0.823           0.925       15631.804
       467           0.738           0.576           0.821           0.815           0.917           0.611           0.883           0.822           0.924       15659.547
       468           0.738           0.576           0.821           0.816           0.917           0.610           0.882           0.822           0.924       15687.785
       469           0.738           0.576           0.821           0.816           0.917           0.611           0.885           0.821           0.924       15739.538
       470           0.737           0.576           0.821           0.816           0.917           0.611           0.884           0.821           0.924       15767.253
       471           0.737           0.576           0.821           0.816           0.917           0.610           0.884           0.821           0.924       15794.695
       472           0.737           0.576           0.820           0.816           0.917           0.610           0.884           0.822           0.924       15822.241
       473           0.737           0.575           0.820           0.816           0.917           0.610           0.881           0.822           0.925       15849.722
       474           0.737           0.576           0.820           0.816           0.917           0.611           0.885           0.821           0.924       15877.251
       475           0.736           0.575           0.819           0.817           0.917           0.610           0.884           0.821           0.924       15904.918
       476           0.736           0.575           0.819           0.816           0.917           0.609           0.884           0.821           0.924       15932.695
       477           0.736           0.575           0.819           0.817           0.917           0.611           0.885           0.820           0.924       15960.426
       478           0.736           0.575           0.819           0.816           0.917           0.610           0.884           0.821           0.924       15988.166
       479           0.735           0.574           0.819           0.817           0.917           0.611           0.886           0.820           0.924       16015.887
       480           0.736           0.575           0.819           0.817           0.917           0.609           0.882           0.822           0.924       16043.527
       481           0.735           0.575           0.819           0.817           0.917           0.610           0.885           0.820           0.924       16071.305
       482           0.735           0.574           0.818           0.817           0.917           0.610           0.885           0.821           0.924       16099.496
       483           0.735           0.574           0.819           0.817           0.917           0.611           0.885           0.820           0.924       16127.539
       484           0.735           0.574           0.818           0.817           0.917           0.610           0.886           0.820           0.924       16155.631
       485           0.735           0.574           0.818           0.817           0.917           0.612           0.886           0.819           0.924       16183.636
       486           0.735           0.574           0.818           0.817           0.917           0.610           0.886           0.819           0.924       16211.630
       487           0.735           0.574           0.818           0.817           0.917           0.610           0.885           0.820           0.924       16239.321
       488           0.734           0.573           0.817           0.817           0.917           0.610           0.884           0.821           0.924       16266.633
       489           0.734           0.574           0.817           0.817           0.918           0.612           0.887           0.820           0.924       16293.969
       490           0.734           0.574           0.818           0.817           0.918           0.611           0.886           0.820           0.924       16321.640
       491           0.734           0.574           0.817           0.818           0.917           0.610           0.883           0.822           0.924       16348.813
       492           0.733           0.573           0.817           0.818           0.918           0.610           0.883           0.821           0.924       16375.958
       493           0.734           0.574           0.817           0.817           0.918           0.611           0.889           0.819           0.924       16422.488
       494           0.734           0.573           0.817           0.818           0.917           0.611           0.886           0.820           0.924       16449.460
       495           0.733           0.573           0.817           0.818           0.917           0.611           0.887           0.820           0.924       16476.519
       496           0.733           0.573           0.817           0.818           0.917           0.610           0.883           0.821           0.924       16504.180
       497           0.733           0.573           0.816           0.818           0.918           0.610           0.886           0.821           0.924       16532.173
       498           0.733           0.573           0.816           0.818           0.918           0.610           0.886           0.820           0.924       16559.968
       499           0.733           0.573           0.817           0.818           0.917           0.610           0.885           0.821           0.924       16587.703
       500           0.733           0.573           0.816           0.818           0.918           0.610           0.886           0.821           0.924       16642.470
--------------------------------------------------------------------------------------------------------------------------------------------------------------------------------------------------------
--------------------------------------------------------------------------------------------------------------------------------------------------------------------------------------------------------
The best indicator statistics
      BestEpoch        TrainMAE       TrainRMSE         TrainR2         TrainCC         TestMAE        TestRMSE          TestR2          TestCC
       443           0.581           0.816           0.813           0.916           0.605           0.874           0.822           0.926
Total training time: 16642.8177 seconds
>>> Training of the Model Accomplished! >>>
End at:  Wed Mar 22 20:52:36 2023
